#
# A fatal error has been detected by the Java Runtime Environment:
#
#  EXCEPTION_UNCAUGHT_CXX_EXCEPTION (0xe06d7363) at pc=0x00007ff9c86c3c58, pid=5968, tid=0x0000000000000e98
#
# JRE version: Java(TM) SE Runtime Environment (8.0_112-b15) (build 1.8.0_112-b15)
# Java VM: Java HotSpot(TM) 64-Bit Server VM (25.112-b15 mixed mode windows-amd64 compressed oops)
# Problematic frame:
# C  [KERNELBASE.dll+0x33c58]
#
# Failed to write core dump. Minidumps are not enabled by default on client versions of Windows
#
# If you would like to submit a bug report, please visit:
#   http://bugreport.java.com/bugreport/crash.jsp
# The crash happened outside the Java Virtual Machine in native code.
# See problematic frame for where to report the bug.
#

---------------  T H R E A D  ---------------

Current thread (0x000001fdb684a800):  JavaThread "AWT-EventQueue-1" [_thread_in_native, id=3736, stack(0x000000e39e300000,0x000000e39e800000)]

siginfo: ExceptionCode=0xe06d7363, ExceptionInformation=0x0000000019930520 0x000000e39e7fdce0 0x00007ff998d7fd78 0x00007ff998290000 

Registers:
RAX=0x000000070066c7b8, RBX=0x00007ff998d7fd78, RCX=0x00000000fffffff8, RDX=0x000001fd9e844880
RSP=0x000000e39e7fdb80, RBP=0x00cb00a400bb00e6, RSI=0x000000e39e7fdce0, RDI=0x0000000019930520
R8 =0x000001fd9d7d5e88, R9 =0xf804ce7600000000, R10=0x00000007e013b442, R11=0x00000007c000da58
R12=0x0000000000000000, R13=0x000000e39e7fe1a8, R14=0x000000e39e7fe090, R15=0x000001fd97e3a280
RIP=0x00007ff9c86c3c58, EFLAGS=0x0000000000000202

Top of Stack: (sp=0x000000e39e7fdb80)
0x000000e39e7fdb80:   00000007bd0b7268 00007ff998d7fd78
0x000000e39e7fdb90:   000000e39e7fdce0 0000000019930520
0x000000e39e7fdba0:   00000001e06d7363 0000000000000000
0x000000e39e7fdbb0:   00007ff9c86c3c58 000001fd00000004
0x000000e39e7fdbc0:   0000000019930520 000000e39e7fdce0
0x000000e39e7fdbd0:   00007ff998d7fd78 00007ff998290000
0x000000e39e7fdbe0:   000000e39e7fe1a8 0000000000000000
0x000000e39e7fdbf0:   0000000019930520 000000e39e7fdce0
0x000000e39e7fdc00:   00cb00a400bb00e6 00007ff9cc1dc28f
0x000000e39e7fdc10:   000000e39e7fdc80 000000e300000000
0x000000e39e7fdc20:   000001fdb3d76f50 000001fdb58c2340
0x000000e39e7fdc30:   00007ff999021000 00007ff998290000
0x000000e39e7fdc40:   0000a0d9ff4069bc 000000e300000000
0x000000e39e7fdc50:   00007ff998d7fd78 00007ff9c40261e0
0x000000e39e7fdc60:   006f0073005c0073 00cb00a400bb00e6
0x000000e39e7fdc70:   000001fd97e3a280 000000e39e7fe090 

Instructions: (pc=0x00007ff9c86c3c58)
0x00007ff9c86c3c38:   49 8b d1 44 0f 47 c0 44 89 44 24 38 49 c1 e0 03
0x00007ff9c86c3c48:   e8 47 90 04 00 48 8d 4c 24 20 ff 15 b0 44 11 00
0x00007ff9c86c3c58:   48 8b 8c 24 c0 00 00 00 48 33 cc e8 d8 55 04 00
0x00007ff9c86c3c68:   48 81 c4 d8 00 00 00 c3 83 64 24 38 00 eb d6 cc 


Register to memory mapping:

RAX=0x000000070066c7b8 is an oop
java.awt.Cursor 
 - klass: 'java/awt/Cursor'
RBX=0x00007ff998d7fd78 is an unknown value
RCX=0x00000000fffffff8 is an unknown value
RDX=0x000001fd9e844880 is at entry_point+96 in (nmethod*)0x000001fd9e8446d0
RSP=0x000000e39e7fdb80 is pointing into the stack for thread: 0x000001fdb684a800
RBP=0x00cb00a400bb00e6 is an unknown value
RSI=0x000000e39e7fdce0 is pointing into the stack for thread: 0x000001fdb684a800
RDI=0x0000000019930520 is an unknown value
R8 =0x000001fd9d7d5e88 is at entry_point+392 in (nmethod*)0x000001fd9d7d5b10
R9 =0xf804ce7600000000 is an unknown value
R10=0x00000007e013b442 is an unknown value
R11=0x00000007c000da58 is pointing into metadata
R12=0x0000000000000000 is an unknown value
R13=0x000000e39e7fe1a8 is pointing into the stack for thread: 0x000001fdb684a800
R14=0x000000e39e7fe090 is pointing into the stack for thread: 0x000001fdb684a800
R15=0x000001fd97e3a280 is an unknown value


Stack: [0x000000e39e300000,0x000000e39e800000],  sp=0x000000e39e7fdb80,  free space=5110k
Native frames: (J=compiled Java code, j=interpreted, Vv=VM code, C=native code)
C  [KERNELBASE.dll+0x33c58]
C  [VCRUNTIME140.dll+0x61e0]
C  [librdi_common.dll+0x523c6b]
C  [MSVCP140.dll+0x12551]
C  [ucrtbase.dll+0x67a2c]
C  [librdi_common.dll+0x6f1167]
C  [librdi_common.dll+0x120649]
C  [librdi_filemgmt.dll+0x126ee2]
C  0x000001fd9e82535a

Java frames: (J=compiled Java code, j=interpreted, Vv=VM code)
J 9821  ui.data.design.dai.FileSet_getName(J)Ljava/lang/String; (0 bytes) @ 0x000001fd9e8252c1 [0x000001fd9e825280+0x41]
J 17571 C2 ui.data.design.A.getName()Ljava/lang/String; (8 bytes) @ 0x000001fd9e850918 [0x000001fd9e8508e0+0x38]
j  ui.data.design.n.a(Lui/frmwork/b/h;)V+1404
J 18789 C2 ui.frmwork.HTclEventBroker.i(JZ)V (497 bytes) @ 0x000001fd9deb50a0 [0x000001fd9deb3200+0x1ea0]
J 22420 C1 ui.frmwork.HTclEventBroker$$Lambda$35.run()V (12 bytes) @ 0x000001fd9e80b154 [0x000001fd9e80b060+0xf4]
J 11809 C2 java.awt.EventQueue$3.run()Ljava/lang/Object; (5 bytes) @ 0x000001fd9eeecfd4 [0x000001fd9eeec720+0x8b4]
v  ~StubRoutines::call_stub
J 2397  java.security.AccessController.doPrivileged(Ljava/security/PrivilegedAction;Ljava/security/AccessControlContext;)Ljava/lang/Object; (0 bytes) @ 0x000001fd9d3d77a6 [0x000001fd9d3d7740+0x66]
J 11535 C2 ui.frmwork.b.d.dispatchEvent(Ljava/awt/AWTEvent;)V (45 bytes) @ 0x000001fd9d343ed0 [0x000001fd9d343b20+0x3b0]
J 20847 C2 java.awt.EventDispatchThread.pumpOneEventForFilters(I)V (295 bytes) @ 0x000001fd9e9fd778 [0x000001fd9e9fd280+0x4f8]
J 18227% C2 java.awt.EventDispatchThread.pumpEventsForFilter(ILjava/awt/Conditional;Ljava/awt/EventFilter;)V (47 bytes) @ 0x000001fd9fc7de20 [0x000001fd9fc7dd20+0x100]
j  java.awt.EventDispatchThread.pumpEventsForHierarchy(ILjava/awt/Conditional;Ljava/awt/Component;)V+11
j  java.awt.EventDispatchThread.pumpEvents(ILjava/awt/Conditional;)V+4
j  java.awt.EventDispatchThread.pumpEvents(Ljava/awt/Conditional;)V+3
j  java.awt.EventDispatchThread.run()V+9
v  ~StubRoutines::call_stub

---------------  P R O C E S S  ---------------

Java Threads: ( => current thread )
  0x000001fdb7589000 JavaThread "Move Sources" [_thread_blocked, id=11064, stack(0x000000e7a2d00000,0x000000e7a3200000)]
  0x000001fdb758c000 JavaThread "Thread-2640" [_thread_in_native, id=7204, stack(0x000000e799b00000,0x000000e799c00000)]
  0x000001fdb7590800 JavaThread "Thread-2639" [_thread_in_native, id=10896, stack(0x000000e792200000,0x000000e792300000)]
  0x000001fdb7590000 JavaThread "Thread-2379" [_thread_in_native, id=9888, stack(0x000000e747f00000,0x000000e748000000)]
  0x000001fdb758f000 JavaThread "Thread-2378" [_thread_in_native, id=4040, stack(0x000000e730f00000,0x000000e731000000)]
  0x000001fdb758e800 JavaThread "Thread-2210" [_thread_in_native, id=8664, stack(0x000000e712e00000,0x000000e712f00000)]
  0x000001fdb758d000 JavaThread "Thread-2209" [_thread_in_native, id=7356, stack(0x000000e712d00000,0x000000e712e00000)]
  0x000001fdb758a000 JavaThread "Thread-1537" [_thread_in_native, id=1136, stack(0x000000e44d900000,0x000000e44da00000)]
  0x000001fdb6aa3800 JavaThread "Thread-1379" [_thread_in_native, id=8104, stack(0x000000e5f2100000,0x000000e5f2200000)]
  0x000001fdb91ed000 JavaThread "Thread-1378" [_thread_in_native, id=10260, stack(0x000000e5f2000000,0x000000e5f2100000)]
  0x000001fdb91ee000 JavaThread "Thread-1377" [_thread_in_native, id=7300, stack(0x000000e44da00000,0x000000e44db00000)]
  0x000001fdb91ec800 JavaThread "Image Animator 3" daemon [_thread_blocked, id=6444, stack(0x000000e5ef300000,0x000000e5ef800000)]
  0x000001fdb91eb800 JavaThread "Swing-Shell" daemon [_thread_blocked, id=10340, stack(0x000000e405d00000,0x000000e406200000)]
  0x000001fdb91e9800 JavaThread "Thread-315" [_thread_in_native, id=10220, stack(0x000000e404c00000,0x000000e404d00000)]
  0x000001fdb91e4000 JavaThread "Thread-314" [_thread_in_native, id=6760, stack(0x000000e404d00000,0x000000e404e00000)]
  0x000001fdb91e6800 JavaThread "Thread-313" [_thread_in_native, id=3804, stack(0x000000e404b00000,0x000000e404c00000)]
  0x000001fdb91e7000 JavaThread "SyntheticaAnimation 50" daemon [_thread_blocked, id=3216, stack(0x000000e3ab600000,0x000000e3abb00000)]
  0x000001fdb91e3800 JavaThread "SyntheticaAnimation 50" daemon [_thread_blocked, id=3688, stack(0x000000e3a6b00000,0x000000e3a7000000)]
  0x000001fdb91e5800 JavaThread "Thread-24" [_thread_in_native, id=8012, stack(0x000000e3a5b00000,0x000000e3a5c00000)]
  0x000001fdb91e2800 JavaThread "Thread-23" [_thread_in_native, id=6496, stack(0x000000e3a5a00000,0x000000e3a5b00000)]
  0x000001fdb91df800 JavaThread "Thread-22" [_thread_in_native, id=6420, stack(0x000000e3a5900000,0x000000e3a5a00000)]
  0x000001fdb6a9d800 JavaThread "hw_ila_monitor" [_thread_blocked, id=8864, stack(0x000000e3a3b00000,0x000000e3a4000000)]
  0x000001fdb6aa2000 JavaThread "Update Runs Swing Worker" [_thread_blocked, id=112, stack(0x000000e3a2c00000,0x000000e3a3100000)]
  0x000001fdb6aa1800 JavaThread "Refresh Filesets Swing Worker" [_thread_blocked, id=9020, stack(0x000000e3a2700000,0x000000e3a2c00000)]
  0x000001fdb6aa0000 JavaThread "SyntheticaAnimation 70" daemon [_thread_blocked, id=11072, stack(0x000000e3a2200000,0x000000e3a2700000)]
  0x000001fdb6a9e800 JavaThread "SyntheticaAnimation 25" daemon [_thread_blocked, id=8248, stack(0x000000e3a1800000,0x000000e3a1d00000)]
  0x000001fdb6aa0800 JavaThread "SyntheticaAnimation 50" daemon [_thread_blocked, id=7640, stack(0x000000e3a1300000,0x000000e3a1800000)]
  0x000001fdb6aa3000 JavaThread "SyntheticaCleanerThread" daemon [_thread_blocked, id=1252, stack(0x000000e39f200000,0x000000e39f700000)]
  0x000001fdb6ff2000 JavaThread "Batik CleanerThread" daemon [_thread_blocked, id=8296, stack(0x000000e39e800000,0x000000e39ed00000)]
=>0x000001fdb684a800 JavaThread "AWT-EventQueue-1" [_thread_in_native, id=3736, stack(0x000000e39e300000,0x000000e39e800000)]
  0x000001fdb591f800 JavaThread "Process Messages" [_thread_blocked, id=948, stack(0x000000e39de00000,0x000000e39e300000)]
  0x000001fdb5745800 JavaThread "Thread-3" [_thread_in_native, id=524, stack(0x000000e398600000,0x000000e399a00000)]
  0x000001fdb567d000 JavaThread "AWT-Windows" daemon [_thread_in_native, id=9920, stack(0x000000e39cf00000,0x000000e39d400000)]
  0x000001fdb55fa800 JavaThread "AWT-Shutdown" [_thread_blocked, id=10840, stack(0x000000e39ca00000,0x000000e39cf00000)]
  0x000001fdb55f9800 JavaThread "Java2D Disposer" daemon [_thread_blocked, id=11080, stack(0x000000e39c500000,0x000000e39ca00000)]
  0x000001fdb563f800 JavaThread "TimerQueue" daemon [_thread_blocked, id=320, stack(0x000000e39c000000,0x000000e39c500000)]
  0x000001fdb3cc2800 JavaThread "Service Thread" daemon [_thread_blocked, id=7032, stack(0x000000e39ba00000,0x000000e39bf00000)]
  0x000001fdb3cb7000 JavaThread "C1 CompilerThread2" daemon [_thread_blocked, id=11128, stack(0x000000e39b900000,0x000000e39ba00000)]
  0x000001fdb3cb2800 JavaThread "C2 CompilerThread1" daemon [_thread_blocked, id=4036, stack(0x000000e39b800000,0x000000e39b900000)]
  0x000001fdb3cb1800 JavaThread "C2 CompilerThread0" daemon [_thread_blocked, id=9460, stack(0x000000e39b700000,0x000000e39b800000)]
  0x000001fdb3cb0000 JavaThread "Attach Listener" daemon [_thread_blocked, id=9660, stack(0x000000e39b200000,0x000000e39b700000)]
  0x000001fdb3cae800 JavaThread "Signal Dispatcher" daemon [_thread_blocked, id=5100, stack(0x000000e39ad00000,0x000000e39b200000)]
  0x000001fdb3c98800 JavaThread "Finalizer" daemon [_thread_blocked, id=7136, stack(0x000000e39a800000,0x000000e39ad00000)]
  0x000001fd9cbd6800 JavaThread "Reference Handler" daemon [_thread_blocked, id=10968, stack(0x000000e39a300000,0x000000e39a800000)]
  0x000001fd9cae5000 JavaThread "main" [_thread_blocked, id=5452, stack(0x000000e399d00000,0x000000e399e00000)]

Other Threads:
  0x000001fdb3c70800 VMThread [stack: 0x000000e39a200000,0x000000e39a300000] [id=2484]
  0x000001fdb3cec000 WatcherThread [stack: 0x000000e39bf00000,0x000000e39c000000] [id=3244]

VM state:not at safepoint (normal execution)

VM Mutex/Monitor currently owned by a thread: None

Heap:
 PSYoungGen      total 43520K, used 14642K [0x00000007bc400000, 0x00000007c0000000, 0x00000007c0000000)
  eden space 26624K, 50% used [0x00000007bc400000,0x00000007bd138ef8,0x00000007bde00000)
  from space 16896K, 6% used [0x00000007bde00000,0x00000007bdf13a90,0x00000007bee80000)
  to   space 16384K, 0% used [0x00000007bf000000,0x00000007bf000000,0x00000007c0000000)
 ParOldGen       total 294400K, used 107595K [0x0000000700000000, 0x0000000711f80000, 0x00000007bc400000)
  object space 294400K, 36% used [0x0000000700000000,0x0000000706912d70,0x0000000711f80000)
 Metaspace       used 80017K, capacity 80921K, committed 81456K, reserved 1118208K
  class space    used 11620K, capacity 11817K, committed 11824K, reserved 1048576K

Card table byte_map: [0x000001fdabfa0000,0x000001fdac5b0000] byte_map_base: 0x000001fda87a0000

Marking Bits: (ParMarkBitMap*) 0x0000000073d3a6d0
 Begin Bits: [0x000001fdacba0000, 0x000001fdafba0000)
 End Bits:   [0x000001fdafba0000, 0x000001fdb2ba0000)

Polling page: 0x000001fd94950000

CodeCache: size=245760Kb used=66306Kb max_used=66348Kb free=179454Kb
 bounds [0x000001fd9cbe0000, 0x000001fda0d50000, 0x000001fdabbe0000]
 total_blobs=18447 nmethods=17501 adapters=848
 compilation: enabled

Compilation events (10 events):
Event: 17727.280 Thread 0x000001fdb3cb7000 24430       3       java.awt.dnd.DropTargetDragEvent::acceptDrag (9 bytes)
Event: 17727.282 Thread 0x000001fdb3cb7000 nmethod 24430 0x000001fd9e485150 code [0x000001fd9e4852c0, 0x000001fd9e485670]
Event: 17727.282 Thread 0x000001fdb3cb7000 24431       3       java.awt.dnd.DropTargetContext::acceptDrag (17 bytes)
Event: 17727.284 Thread 0x000001fdb3cb7000 nmethod 24431 0x000001fda0d1be50 code [0x000001fda0d1bfc0, 0x000001fda0d1c270]
Event: 17727.504 Thread 0x000001fdb3cb7000 24432       3       sun.awt.dnd.SunDragSourceContextPeer::dragMotion (11 bytes)
Event: 17727.506 Thread 0x000001fdb3cb7000 nmethod 24432 0x000001fd9f695fd0 code [0x000001fd9f696140, 0x000001fd9f696350]
Event: 17727.506 Thread 0x000001fdb3cb7000 24433       3       java.awt.dnd.DragSource::processDragOver (17 bytes)
Event: 17727.508 Thread 0x000001fdb3cb7000 nmethod 24433 0x000001fd9f695b10 code [0x000001fd9f695c80, 0x000001fd9f695ef0]
Event: 17727.601 Thread 0x000001fdb3cb1800 24434       4       javax.swing.plaf.basic.BasicLabelUI::<init> (27 bytes)
Event: 17727.613 Thread 0x000001fdb3cb1800 nmethod 24434 0x000001fda0c05c10 code [0x000001fda0c05d60, 0x000001fda0c05ed8]

GC Heap History (10 events):
Event: 17706.686 GC heap before
{Heap before GC invocations=1708 (full 651):
 PSYoungGen      total 40960K, used 20960K [0x00000007bc400000, 0x00000007c0000000, 0x00000007c0000000)
  eden space 20480K, 100% used [0x00000007bc400000,0x00000007bd800000,0x00000007bd800000)
  from space 20480K, 2% used [0x00000007bec00000,0x00000007bec78000,0x00000007c0000000)
  to   space 20480K, 0% used [0x00000007bd800000,0x00000007bd800000,0x00000007bec00000)
 ParOldGen       total 294400K, used 107595K [0x0000000700000000, 0x0000000711f80000, 0x00000007bc400000)
  object space 294400K, 36% used [0x0000000700000000,0x0000000706912d70,0x0000000711f80000)
 Metaspace       used 79875K, capacity 80761K, committed 81456K, reserved 1118208K
  class space    used 11608K, capacity 11785K, committed 11824K, reserved 1048576K
Event: 17706.693 GC heap after
Heap after GC invocations=1708 (full 651):
 PSYoungGen      total 40960K, used 512K [0x00000007bc400000, 0x00000007c0000000, 0x00000007c0000000)
  eden space 20480K, 0% used [0x00000007bc400000,0x00000007bc400000,0x00000007bd800000)
  from space 20480K, 2% used [0x00000007bd800000,0x00000007bd880000,0x00000007bec00000)
  to   space 19968K, 0% used [0x00000007bec80000,0x00000007bec80000,0x00000007c0000000)
 ParOldGen       total 294400K, used 107595K [0x0000000700000000, 0x0000000711f80000, 0x00000007bc400000)
  object space 294400K, 36% used [0x0000000700000000,0x0000000706912d70,0x0000000711f80000)
 Metaspace       used 79875K, capacity 80761K, committed 81456K, reserved 1118208K
  class space    used 11608K, capacity 11785K, committed 11824K, reserved 1048576K
}
Event: 17708.693 GC heap before
{Heap before GC invocations=1709 (full 651):
 PSYoungGen      total 40960K, used 20992K [0x00000007bc400000, 0x00000007c0000000, 0x00000007c0000000)
  eden space 20480K, 100% used [0x00000007bc400000,0x00000007bd800000,0x00000007bd800000)
  from space 20480K, 2% used [0x00000007bd800000,0x00000007bd880000,0x00000007bec00000)
  to   space 19968K, 0% used [0x00000007bec80000,0x00000007bec80000,0x00000007c0000000)
 ParOldGen       total 294400K, used 107595K [0x0000000700000000, 0x0000000711f80000, 0x00000007bc400000)
  object space 294400K, 36% used [0x0000000700000000,0x0000000706912d70,0x0000000711f80000)
 Metaspace       used 79876K, capacity 80761K, committed 81456K, reserved 1118208K
  class space    used 11608K, capacity 11785K, committed 11824K, reserved 1048576K
Event: 17708.700 GC heap after
Heap after GC invocations=1709 (full 651):
 PSYoungGen      total 42496K, used 576K [0x00000007bc400000, 0x00000007c0000000, 0x00000007c0000000)
  eden space 22528K, 0% used [0x00000007bc400000,0x00000007bc400000,0x00000007bda00000)
  from space 19968K, 2% used [0x00000007bec80000,0x00000007bed10000,0x00000007c0000000)
  to   space 18944K, 0% used [0x00000007bda00000,0x00000007bda00000,0x00000007bec80000)
 ParOldGen       total 294400K, used 107595K [0x0000000700000000, 0x0000000711f80000, 0x00000007bc400000)
  object space 294400K, 36% used [0x0000000700000000,0x0000000706912d70,0x0000000711f80000)
 Metaspace       used 79876K, capacity 80761K, committed 81456K, reserved 1118208K
  class space    used 11608K, capacity 11785K, committed 11824K, reserved 1048576K
}
Event: 17710.390 GC heap before
{Heap before GC invocations=1710 (full 651):
 PSYoungGen      total 42496K, used 23104K [0x00000007bc400000, 0x00000007c0000000, 0x00000007c0000000)
  eden space 22528K, 100% used [0x00000007bc400000,0x00000007bda00000,0x00000007bda00000)
  from space 19968K, 2% used [0x00000007bec80000,0x00000007bed10000,0x00000007c0000000)
  to   space 18944K, 0% used [0x00000007bda00000,0x00000007bda00000,0x00000007bec80000)
 ParOldGen       total 294400K, used 107595K [0x0000000700000000, 0x0000000711f80000, 0x00000007bc400000)
  object space 294400K, 36% used [0x0000000700000000,0x0000000706912d70,0x0000000711f80000)
 Metaspace       used 79878K, capacity 80761K, committed 81456K, reserved 1118208K
  class space    used 11608K, capacity 11785K, committed 11824K, reserved 1048576K
Event: 17710.396 GC heap after
Heap after GC invocations=1710 (full 651):
 PSYoungGen      total 41472K, used 736K [0x00000007bc400000, 0x00000007c0000000, 0x00000007c0000000)
  eden space 22528K, 0% used [0x00000007bc400000,0x00000007bc400000,0x00000007bda00000)
  from space 18944K, 3% used [0x00000007bda00000,0x00000007bdab8000,0x00000007bec80000)
  to   space 17920K, 0% used [0x00000007bee80000,0x00000007bee80000,0x00000007c0000000)
 ParOldGen       total 294400K, used 107595K [0x0000000700000000, 0x0000000711f80000, 0x00000007bc400000)
  object space 294400K, 36% used [0x0000000700000000,0x0000000706912d70,0x0000000711f80000)
 Metaspace       used 79878K, capacity 80761K, committed 81456K, reserved 1118208K
  class space    used 11608K, capacity 11785K, committed 11824K, reserved 1048576K
}
Event: 17716.095 GC heap before
{Heap before GC invocations=1711 (full 651):
 PSYoungGen      total 41472K, used 23264K [0x00000007bc400000, 0x00000007c0000000, 0x00000007c0000000)
  eden space 22528K, 100% used [0x00000007bc400000,0x00000007bda00000,0x00000007bda00000)
  from space 18944K, 3% used [0x00000007bda00000,0x00000007bdab8000,0x00000007bec80000)
  to   space 17920K, 0% used [0x00000007bee80000,0x00000007bee80000,0x00000007c0000000)
 ParOldGen       total 294400K, used 107595K [0x0000000700000000, 0x0000000711f80000, 0x00000007bc400000)
  object space 294400K, 36% used [0x0000000700000000,0x0000000706912d70,0x0000000711f80000)
 Metaspace       used 79990K, capacity 80921K, committed 81456K, reserved 1118208K
  class space    used 11619K, capacity 11817K, committed 11824K, reserved 1048576K
Event: 17716.100 GC heap after
Heap after GC invocations=1711 (full 651):
 PSYoungGen      total 44544K, used 1196K [0x00000007bc400000, 0x00000007c0000000, 0x00000007c0000000)
  eden space 26624K, 0% used [0x00000007bc400000,0x00000007bc400000,0x00000007bde00000)
  from space 17920K, 6% used [0x00000007bee80000,0x00000007befab030,0x00000007c0000000)
  to   space 16896K, 0% used [0x00000007bde00000,0x00000007bde00000,0x00000007bee80000)
 ParOldGen       total 294400K, used 107595K [0x0000000700000000, 0x0000000711f80000, 0x00000007bc400000)
  object space 294400K, 36% used [0x0000000700000000,0x0000000706912d70,0x0000000711f80000)
 Metaspace       used 79990K, capacity 80921K, committed 81456K, reserved 1118208K
  class space    used 11619K, capacity 11817K, committed 11824K, reserved 1048576K
}
Event: 17725.455 GC heap before
{Heap before GC invocations=1712 (full 651):
 PSYoungGen      total 44544K, used 27820K [0x00000007bc400000, 0x00000007c0000000, 0x00000007c0000000)
  eden space 26624K, 100% used [0x00000007bc400000,0x00000007bde00000,0x00000007bde00000)
  from space 17920K, 6% used [0x00000007bee80000,0x00000007befab030,0x00000007c0000000)
  to   space 16896K, 0% used [0x00000007bde00000,0x00000007bde00000,0x00000007bee80000)
 ParOldGen       total 294400K, used 107595K [0x0000000700000000, 0x0000000711f80000, 0x00000007bc400000)
  object space 294400K, 36% used [0x0000000700000000,0x0000000706912d70,0x0000000711f80000)
 Metaspace       used 80004K, capacity 80921K, committed 81456K, reserved 1118208K
  class space    used 11620K, capacity 11817K, committed 11824K, reserved 1048576K
Event: 17725.473 GC heap after
Heap after GC invocations=1712 (full 651):
 PSYoungGen      total 43520K, used 1102K [0x00000007bc400000, 0x00000007c0000000, 0x00000007c0000000)
  eden space 26624K, 0% used [0x00000007bc400000,0x00000007bc400000,0x00000007bde00000)
  from space 16896K, 6% used [0x00000007bde00000,0x00000007bdf13a90,0x00000007bee80000)
  to   space 16384K, 0% used [0x00000007bf000000,0x00000007bf000000,0x00000007c0000000)
 ParOldGen       total 294400K, used 107595K [0x0000000700000000, 0x0000000711f80000, 0x00000007bc400000)
  object space 294400K, 36% used [0x0000000700000000,0x0000000706912d70,0x0000000711f80000)
 Metaspace       used 80004K, capacity 80921K, committed 81456K, reserved 1118208K
  class space    used 11620K, capacity 11817K, committed 11824K, reserved 1048576K
}

Deoptimization events (10 events):
Event: 17652.070 Thread 0x000001fdb684a800 Uncommon trap: reason=bimorphic action=maybe_recompile pc=0x000001fda06460d8 method=java.awt.Component.dispatchEventImpl(Ljava/awt/AWTEvent;)V @ 229
Event: 17653.465 Thread 0x000001fdb684a800 Uncommon trap: reason=unstable_if action=reinterpret pc=0x000001fd9e540140 method=java.lang.Boolean.parseBoolean(Ljava/lang/String;)Z @ 10
Event: 17653.465 Thread 0x000001fdb684a800 Uncommon trap: reason=unstable_if action=reinterpret pc=0x000001fd9d458c84 method=java.lang.Boolean.parseBoolean(Ljava/lang/String;)Z @ 10
Event: 17653.484 Thread 0x000001fdb684a800 Uncommon trap: reason=unstable_if action=reinterpret pc=0x000001fd9cf49014 method=com.sun.org.apache.xerces.internal.dom.NamedNodeMapImpl.getLength()I @ 4
Event: 17657.103 Thread 0x000001fdb684a800 Uncommon trap: reason=unstable_if action=reinterpret pc=0x000001fda08c2168 method=ui.views.V.a.cb.getFontMetrics(Ljava/awt/Font;Ljava/awt/Graphics;)Ljava/awt/FontMetrics; @ 22
Event: 17687.422 Thread 0x000001fdb684a800 Uncommon trap: reason=unstable_if action=reinterpret pc=0x000001fd9f12e528 method=com.jidesoft.editor.CodeEditor.getSelectionColor()Ljava/awt/Color; @ 13
Event: 17687.422 Thread 0x000001fdb684a800 Uncommon trap: reason=unstable_if action=reinterpret pc=0x000001fd9e0bff50 method=com.jidesoft.editor.CodeEditor.getSelectionColor()Ljava/awt/Color; @ 13
Event: 17706.388 Thread 0x000001fdb684a800 Uncommon trap: reason=null_check action=make_not_entrant pc=0x000001fd9e27bb24 method=java.util.AbstractList.equals(Ljava/lang/Object;)Z @ 8
Event: 17706.388 Thread 0x000001fdb684a800 Uncommon trap: reason=unstable_if action=reinterpret pc=0x000001fd9ee56bd4 method=java.util.ArrayList.indexOf(Ljava/lang/Object;)I @ 1
Event: 17706.388 Thread 0x000001fdb684a800 Uncommon trap: reason=unstable_if action=reinterpret pc=0x000001fd9d208f3c method=java.util.ArrayList.indexOf(Ljava/lang/Object;)I @ 1

Internal exceptions (10 events):
Event: 17473.170 Thread 0x000001fdb684a800 Implicit null exception at 0x000001fda0421ccf to 0x000001fda04228ed
Event: 17473.610 Thread 0x000001fdb684a800 Implicit null exception at 0x000001fd9d1bc028 to 0x000001fd9d1bdc01
Event: 17474.599 Thread 0x000001fdb684a800 Implicit null exception at 0x000001fd9e2f6b03 to 0x000001fd9e2f6bf9
Event: 17475.787 Thread 0x000001fdb684a800 Implicit null exception at 0x000001fd9fdd345e to 0x000001fd9fdd3b11
Event: 17505.114 Thread 0x000001fdb684a800 Implicit null exception at 0x000001fd9f454a8e to 0x000001fd9f455079
Event: 17512.830 Thread 0x000001fdb684a800 Implicit null exception at 0x000001fd9d40de0f to 0x000001fd9d40e475
Event: 17533.005 Thread 0x000001fdb684a800 Implicit null exception at 0x000001fd9f0f1068 to 0x000001fd9f0f1961
Event: 17653.484 Thread 0x000001fdb684a800 Implicit null exception at 0x000001fd9cf48fd0 to 0x000001fd9cf49001
Event: 17657.102 Thread 0x000001fdb684a800 Implicit null exception at 0x000001fda08c1297 to 0x000001fda08c2114
Event: 17706.388 Thread 0x000001fdb684a800 Implicit null exception at 0x000001fd9e27a875 to 0x000001fd9e27bb17

Events (10 events):
Event: 17725.769 Thread 0x000001fdb3cb7000 flushing nmethod 0x000001fd9f5bc490
Event: 17725.770 Thread 0x000001fdb3cb7000 flushing nmethod 0x000001fd9f5db990
Event: 17725.776 Thread 0x000001fdb3cb7000 flushing nmethod 0x000001fd9f695b10
Event: 17725.777 Thread 0x000001fdb3cb7000 flushing nmethod 0x000001fd9f70f190
Event: 17725.779 Thread 0x000001fdb3cb7000 flushing nmethod 0x000001fd9f856810
Event: 17725.780 Thread 0x000001fdb3cb7000 flushing nmethod 0x000001fd9f943e50
Event: 17726.620 Thread 0x000001fdb3cb7000 flushing nmethod 0x000001fda0643b50
Event: 17726.626 Thread 0x000001fdb3cb7000 flushing nmethod 0x000001fda0a8b010
Event: 17726.628 Thread 0x000001fdb3cb7000 flushing nmethod 0x000001fda0c05c10
Event: 17727.750 Thread 0x000001fdb7589000 Thread added: 0x000001fdb7589000


Dynamic libraries:
0x00007ff754320000 - 0x00007ff754350000 	D:\vivado\2018.2\bin\unwrapped\win64.o\vivado.exe
0x00007ff9cc190000 - 0x00007ff9cc362000 	C:\Windows\SYSTEM32\ntdll.dll
0x00007ff9cb700000 - 0x00007ff9cb7ac000 	C:\Windows\System32\KERNEL32.DLL
0x00007ff9c55e0000 - 0x00007ff9c55f2000 	C:\Program Files\AVAST Software\Avast\aswhook.dll
0x00007ff9c8690000 - 0x00007ff9c88ad000 	C:\Windows\System32\KERNELBASE.dll
0x00007ff9c91b0000 - 0x00007ff9c92a5000 	C:\Windows\System32\ucrtbase.dll
0x00007ff9c07b0000 - 0x00007ff9c07c4000 	D:\vivado\2018.2\lib\win64.o\libboost_signals.dll
0x00007ff998290000 - 0x00007ff9990a9000 	D:\vivado\2018.2\lib\win64.o\librdi_common.dll
0x00007ff9c9720000 - 0x00007ff9c9885000 	C:\Windows\System32\USER32.dll
0x00007ff9c9530000 - 0x00007ff9c954e000 	C:\Windows\System32\win32u.dll
0x00007ff9c98a0000 - 0x00007ff9c98d4000 	C:\Windows\System32\GDI32.dll
0x00007ff9c9360000 - 0x00007ff9c94e0000 	C:\Windows\System32\gdi32full.dll
0x00007ff9cbfa0000 - 0x00007ff9cc042000 	C:\Windows\System32\ADVAPI32.dll
0x00007ff9c9f20000 - 0x00007ff9c9fbe000 	C:\Windows\System32\msvcrt.dll
0x00007ff9cb9c0000 - 0x00007ff9cba19000 	C:\Windows\System32\sechost.dll
0x00007ff9cb7b0000 - 0x00007ff9cb8d1000 	C:\Windows\System32\RPCRT4.dll
0x00007ff9ca1f0000 - 0x00007ff9cb6f8000 	C:\Windows\System32\SHELL32.dll
0x00007ff9c94e0000 - 0x00007ff9c9522000 	C:\Windows\System32\cfgmgr32.dll
0x00007ff9c8950000 - 0x00007ff9c902a000 	C:\Windows\System32\windows.storage.dll
0x00007ff9c9bb0000 - 0x00007ff9c9e78000 	C:\Windows\System32\combase.dll
0x00007ff9c9030000 - 0x00007ff9c909a000 	C:\Windows\System32\bcryptPrimitives.dll
0x00007ff9c8610000 - 0x00007ff9c865c000 	C:\Windows\System32\powrprof.dll
0x00007ff9c9a80000 - 0x00007ff9c9ad2000 	C:\Windows\System32\shlwapi.dll
0x00007ff9c8680000 - 0x00007ff9c868f000 	C:\Windows\System32\kernel.appcore.dll
0x00007ff9c92b0000 - 0x00007ff9c9359000 	C:\Windows\System32\shcore.dll
0x00007ff9c8660000 - 0x00007ff9c8674000 	C:\Windows\System32\profapi.dll
0x00007ff9c15b0000 - 0x00007ff9c15c4000 	D:\vivado\2018.2\lib\win64.o\librdi_commonmain.dll
0x00007ff9c0d70000 - 0x00007ff9c0e01000 	C:\Windows\SYSTEM32\MSVCP140.dll
0x00007ff9c4020000 - 0x00007ff9c4039000 	C:\Windows\SYSTEM32\VCRUNTIME140.dll
0x00007ff9994a0000 - 0x00007ff99980e000 	D:\vivado\2018.2\lib\win64.o\libCOIN-all.dll
0x00007ff99fe60000 - 0x00007ff9a0115000 	D:\vivado\2018.2\lib\win64.o\libXil_lmgr11.dll
0x00007ff9cc090000 - 0x00007ff9cc18a000 	C:\Windows\System32\COMDLG32.dll
0x00007ff9cb900000 - 0x00007ff9cb9bf000 	C:\Windows\System32\OLEAUT32.dll
0x00007ff9c88b0000 - 0x00007ff9c894c000 	C:\Windows\System32\msvcp_win.dll
0x00007ff9cba20000 - 0x00007ff9cbb58000 	C:\Windows\System32\ole32.dll
0x00007ff9c9b40000 - 0x00007ff9c9baa000 	C:\Windows\System32\WS2_32.dll
0x00007ff9c90a0000 - 0x00007ff9c90f5000 	C:\Windows\System32\WINTRUST.dll
0x00007ff9c8600000 - 0x00007ff9c8610000 	C:\Windows\System32\MSASN1.dll
0x00007ff9c9550000 - 0x00007ff9c9719000 	C:\Windows\System32\CRYPT32.dll
0x00007ff9b0b80000 - 0x00007ff9b0b94000 	D:\vivado\2018.2\lib\win64.o\libboost_date_time.dll
0x00007ff9a1570000 - 0x00007ff9a1596000 	D:\vivado\2018.2\lib\win64.o\libboost_filesystem.dll
0x00007ff9acf80000 - 0x00007ff9acfff000 	D:\vivado\2018.2\lib\win64.o\libboost_program_options.dll
0x00007ff99aba0000 - 0x00007ff99acb4000 	D:\vivado\2018.2\lib\win64.o\libboost_regex.dll
0x00007ff9c1c60000 - 0x00007ff9c1c6b000 	D:\vivado\2018.2\lib\win64.o\libboost_system.dll
0x00007ff9a0520000 - 0x00007ff9a0541000 	D:\vivado\2018.2\lib\win64.o\libboost_thread.dll
0x00007ff9c1470000 - 0x00007ff9c147f000 	D:\vivado\2018.2\lib\win64.o\libboost_xilinx.dll
0x00007ff9ac6c0000 - 0x00007ff9ac742000 	D:\vivado\2018.2\lib\win64.o\libhdlpsolve.dll
0x00007ff99c530000 - 0x00007ff99c5d5000 	D:\vivado\2018.2\lib\win64.o\libhdxml.dll
0x00007ff996100000 - 0x00007ff9969b3c00 	D:\vivado\2018.2\lib\win64.o\libisl_iostreams.dll
0x00007ff9b2560000 - 0x00007ff9b258e000 	D:\vivado\2018.2\lib\win64.o\libisl_sysinfo.dll
0x0000000073520000 - 0x0000000073dba000 	D:\vivado\2018.2\tps\win64\jre\bin\server\jvm.dll
0x00007ff9c9890000 - 0x00007ff9c9898000 	C:\Windows\System32\PSAPI.DLL
0x00007ff9a8c80000 - 0x00007ff9a8ce5000 	D:\vivado\2018.2\lib\win64.o\liblmx6.0.dll
0x00007ff9b92a0000 - 0x00007ff9b92ba000 	D:\vivado\2018.2\lib\win64.o\pthreadVC2.dll
0x00007ff999370000 - 0x00007ff999491000 	D:\vivado\2018.2\lib\win64.o\librdi_commonxillic.dll
0x00007ff999210000 - 0x00007ff999361000 	D:\vivado\2018.2\lib\win64.o\librdi_curl.dll
0x00007ff9b81b0000 - 0x00007ff9b81cc000 	D:\vivado\2018.2\lib\win64.o\librdiconfig.dll
0x00007ff99fe30000 - 0x00007ff99fe51000 	D:\vivado\2018.2\lib\win64.o\librdizlib.dll
0x00000000733f0000 - 0x000000007351b000 	D:\vivado\2018.2\lib\win64.o\tcl85t.dll
0x0000000012000000 - 0x0000000012272000 	D:\vivado\2018.2\lib\win64.o\xerces-c_3_1.dll
0x00007ff9beee0000 - 0x00007ff9bf1aa000 	C:\Windows\SYSTEM32\WININET.dll
0x00007ff9bf1b0000 - 0x00007ff9bf27d000 	C:\Windows\SYSTEM32\WINHTTP.dll
0x00007ff9bb790000 - 0x00007ff9bb953000 	C:\Windows\SYSTEM32\urlmon.dll
0x00007ff995260000 - 0x00007ff9960f1000 	D:\vivado\2018.2\lib\win64.o\gurobi65.dll
0x00007ff9be950000 - 0x00007ff9be959000 	C:\Windows\SYSTEM32\WSOCK32.dll
0x00007ff9aed60000 - 0x00007ff9aed88000 	C:\Windows\SYSTEM32\VCOMP140.DLL
0x00007ff9be850000 - 0x00007ff9be85a000 	D:\vivado\2018.2\lib\win64.o\librdi_commonversion.dll
0x00007ff9c0a10000 - 0x00007ff9c0a1c000 	C:\Windows\SYSTEM32\VCRUNTIME140_1.dll
0x00007ff9bb620000 - 0x00007ff9bb638000 	C:\Windows\SYSTEM32\NETAPI32.dll
0x00007ff99fd10000 - 0x00007ff99fdbc000 	C:\Windows\WinSxS\amd64_microsoft.windows.common-controls_6595b64144ccf1df_5.82.14393.447_none_0d5aa7fbb6d35646\COMCTL32.dll
0x00007ff9c1430000 - 0x00007ff9c144a000 	C:\Windows\SYSTEM32\dhcpcsvc.DLL
0x00007ff9cbb60000 - 0x00007ff9cbb68000 	C:\Windows\System32\NSI.dll
0x00007ff9c07a0000 - 0x00007ff9c07ad000 	D:\vivado\2018.2\lib\win64.o\libboost_chrono.dll
0x00007ff9b50a0000 - 0x00007ff9b50bb000 	D:\vivado\2018.2\lib\win64.o\libboost_iostreams.dll
0x00007ff9aed30000 - 0x00007ff9aed55000 	D:\vivado\2018.2\lib\win64.o\libisl_iosutils.dll
0x00007ff9c6860000 - 0x00007ff9c6883000 	C:\Windows\SYSTEM32\WINMM.dll
0x00007ff9c09d0000 - 0x00007ff9c09da000 	C:\Windows\SYSTEM32\VERSION.dll
0x0000000073310000 - 0x00000000733e2000 	C:\Windows\SYSTEM32\MSVCR100.dll
0x00007ff9c0a20000 - 0x00007ff9c0cc5000 	C:\Windows\SYSTEM32\iertutil.dll
0x00007ff9c6800000 - 0x00007ff9c682b000 	C:\Windows\SYSTEM32\WINMMBASE.dll
0x00007ff9cc060000 - 0x00007ff9cc08e000 	C:\Windows\System32\IMM32.DLL
0x00007ff997bf0000 - 0x00007ff99807c000 	D:\vivado\2018.2\lib\win64.o\librdi_commontasks.dll
0x00007ff996ea0000 - 0x00007ff997117000 	D:\vivado\2018.2\lib\win64.o\librdi_sio.dll
0x00007ff9c7950000 - 0x00007ff9c7988000 	C:\Windows\SYSTEM32\IPHLPAPI.DLL
0x00007ff993060000 - 0x00007ff99525f000 	D:\vivado\2018.2\lib\win64.o\librdi_tcltasks.dll
0x00007ff992c80000 - 0x00007ff993055000 	D:\vivado\2018.2\lib\win64.o\librdi_bitstream.dll
0x00007ff9976a0000 - 0x00007ff99781e000 	D:\vivado\2018.2\lib\win64.o\librdi_board.dll
0x00007ff9bce00000 - 0x00007ff9bce6a000 	D:\vivado\2018.2\lib\win64.o\librdi_boarddep.dll
0x00007ff992a30000 - 0x00007ff992c77000 	D:\vivado\2018.2\lib\win64.o\librdi_chipscope.dll
0x00007ff9911d0000 - 0x00007ff992a29000 	D:\vivado\2018.2\lib\win64.o\librdi_constraints.dll
0x00007ff996d70000 - 0x00007ff996e98000 	D:\vivado\2018.2\lib\win64.o\librdi_containers.dll
0x00007ff986070000 - 0x00007ff987d81000 	D:\vivado\2018.2\lib\win64.o\librdi_coregen.dll
0x00007ff990310000 - 0x00007ff9909e9000 	D:\vivado\2018.2\lib\win64.o\librdi_coregenipxact.dll
0x00007ff982300000 - 0x00007ff986062000 	D:\vivado\2018.2\lib\win64.o\librdi_designutils.dll
0x00007ff969460000 - 0x00007ff977c58000 	D:\vivado\2018.2\lib\win64.o\librdi_device.dll
0x00007ff990eb0000 - 0x00007ff9911c8000 	D:\vivado\2018.2\lib\win64.o\librdi_dlyest.dll
0x00007ff981db0000 - 0x00007ff9822f1000 	D:\vivado\2018.2\lib\win64.o\librdi_drc.dll
0x00007ff9a15e0000 - 0x00007ff9a16a2000 	D:\vivado\2018.2\lib\win64.o\librdi_dsp.dll
0x00007ff981770000 - 0x00007ff981da1000 	D:\vivado\2018.2\lib\win64.o\librdi_filemgmt.dll
0x00007ff990bd0000 - 0x00007ff990ea1000 	D:\vivado\2018.2\lib\win64.o\librdi_guitools.dll
0x00007ff9b4ad0000 - 0x00007ff9b4b28000 	D:\vivado\2018.2\lib\win64.o\librdi_hdf.dll
0x00007ff980530000 - 0x00007ff981764000 	D:\vivado\2018.2\lib\win64.o\librdi_implflow.dll
0x00007ff97fed0000 - 0x00007ff980521000 	D:\vivado\2018.2\lib\win64.o\librdi_memdata.dll
0x00007ff97c6c0000 - 0x00007ff97feca000 	D:\vivado\2018.2\lib\win64.o\librdi_mig.dll
0x00007ff97baf0000 - 0x00007ff97bf92000 	D:\vivado\2018.2\lib\win64.o\librdi_netlist.dll
0x00007ff9ba110000 - 0x00007ff9ba159000 	D:\vivado\2018.2\lib\win64.o\librdi_pfi.dll
0x00007ff979750000 - 0x00007ff97baee000 	D:\vivado\2018.2\lib\win64.o\librdi_place.dll
0x00007ff97c430000 - 0x00007ff97c6ba000 	D:\vivado\2018.2\lib\win64.o\librdi_platform.dll
0x00007ff979060000 - 0x00007ff97974c000 	D:\vivado\2018.2\lib\win64.o\librdi_power.dll
0x00007ff978b20000 - 0x00007ff97905d000 	D:\vivado\2018.2\lib\win64.o\librdi_project.dll
0x00007ff978430000 - 0x00007ff978b11000 	D:\vivado\2018.2\lib\win64.o\librdi_psta.dll
0x00007ff968e20000 - 0x00007ff96945e000 	D:\vivado\2018.2\lib\win64.o\librdi_rsb.dll
0x00007ff968a50000 - 0x00007ff968e13000 	D:\vivado\2018.2\lib\win64.o\librdi_runs.dll
0x00007ff999ed0000 - 0x00007ff999fa7000 	D:\vivado\2018.2\lib\win64.o\librdi_runsbase.dll
0x00007ff978200000 - 0x00007ff978426000 	D:\vivado\2018.2\lib\win64.o\librdi_simdata.dll
0x00007ff967d30000 - 0x00007ff968a4d000 	D:\vivado\2018.2\lib\win64.o\librdi_timing.dll
0x00007ff99c2f0000 - 0x00007ff99c3bb000 	D:\vivado\2018.2\lib\win64.o\librdi_xhub.dll
0x00007ff9a2d60000 - 0x00007ff9a2dac000 	D:\vivado\2018.2\lib\win64.o\libboost_serialization.dll
0x00007ff99aaf0000 - 0x00007ff99ab9f000 	D:\vivado\2018.2\lib\win64.o\librdi_hip_devdesign.dll
0x00007ff9991a0000 - 0x00007ff999206000 	D:\vivado\2018.2\lib\win64.o\librdi_ipconfig_readwrite.dll
0x00007ff9b96b0000 - 0x00007ff9b96e8000 	D:\vivado\2018.2\lib\win64.o\librdi_noc_frameworks.dll
0x00007ff967230000 - 0x00007ff967d23000 	D:\vivado\2018.2\lib\win64.o\libverific.dll
0x00007ff997b60000 - 0x00007ff997be8000 	D:\vivado\2018.2\lib\win64.o\librdi_hip_config.dll
0x00007ff966ce0000 - 0x00007ff96722e000 	D:\vivado\2018.2\lib\win64.o\librdi_xdm.dll
0x00007ff996cd0000 - 0x00007ff996d6e000 	D:\vivado\2018.2\lib\win64.o\libise.dll
0x00007ff966730000 - 0x00007ff966cd1000 	D:\vivado\2018.2\lib\win64.o\librdi_wavedata.dll
0x00007ff999150000 - 0x00007ff999199000 	D:\vivado\2018.2\lib\win64.o\librdi_wavedata_SimpleApi.dll
0x00007ff965830000 - 0x00007ff966721000 	D:\vivado\2018.2\lib\win64.o\librdi_route.dll

VM Arguments:
jvm_args: -Dsun.java2d.pmoffscreen=false -Dsun.java2d.xrender=false -Dsun.java2d.d3d=false -Dsun.awt.nopixfmt=true -Xverify:none -Dswing.aatext=true -XX:-UsePerfData -Djdk.map.althashing.threshold=512 -XX:StringTableSize=4072 -XX:NewSize=60m -XX:MaxNewSize=60m -Xms128m -Xmx3072m -Xss5m 
java_command: <unknown>
java_class_path (initial): D:/vivado/2018.2\lib\classes\alloy.jar;D:/vivado/2018.2\lib\classes\autopilot.scelaborator.jar;D:/vivado/2018.2\lib\classes\autopilot.sourceprocessor.jar;D:/vivado/2018.2\lib\classes\autopilot.tbprocessor.jar;D:/vivado/2018.2\lib\classes\batik-anim.jar;D:/vivado/2018.2\lib\classes\batik-awt-util.jar;D:/vivado/2018.2\lib\classes\batik-bridge.jar;D:/vivado/2018.2\lib\classes\batik-codec.jar;D:/vivado/2018.2\lib\classes\batik-css.jar;D:/vivado/2018.2\lib\classes\batik-dom.jar;D:/vivado/2018.2\lib\classes\batik-ext.jar;D:/vivado/2018.2\lib\classes\batik-gui-util.jar;D:/vivado/2018.2\lib\classes\batik-gvt.jar;D:/vivado/2018.2\lib\classes\batik-parser.jar;D:/vivado/2018.2\lib\classes\batik-script.jar;D:/vivado/2018.2\lib\classes\batik-svg-dom.jar;D:/vivado/2018.2\lib\classes\batik-swing.jar;D:/vivado/2018.2\lib\classes\batik-transcoder.jar;D:/vivado/2018.2\lib\classes\batik-util.jar;D:/vivado/2018.2\lib\classes\batik-xml.jar;D:/vivado/2018.2\lib\classes\com.ibm.icu_4.4.2.v20110208.jar;D:/vivado/2018.2\lib\classes\commons-collections4-4.1.jar;D:/vivado/2018.2\lib\classes\commons-math-2.2.jar;D:/vivado/2018.2\lib\classes\dom4j-1.6.1.jar;D:/vivado/2018.2\lib\classes\guava-18.0.jar;D:/vivado/2018.2\lib\classes\help.jar;D:/vivado/2018.2\lib\classes\hsqldb.jar;D:/vivado/2018.2\lib\classes\jargs.jar;D:/vivado/2018.2\lib\classes\jh.jar;D:/vivado/2018.2\lib\classes\jide-action.jar;D:/vivado/2018.2\lib\classes\jide-charts.jar;D:/vivado/2018.2\lib\classes\jide-common.jar;D:/vivado/2018.2\lib\classes\jide-components.jar;D:/vivado/2018.2\lib\classes\jide-dashboard.jar;D:/vivado/2018.2\lib\classes\jide-data.jar;D:/vivado/2018.2\lib\classes\jide-dialogs.jar;D:/vivado/2018.2\lib\classes\jide-diff.jar;D:/vivado/2018.2\lib\classes\jide-dock.jar;D:/vivado/2018.2\lib\classes\jide-editor.jar;D:/vivado/2018.2\lib\classes\jide-gantt.jar;D:/vivado/2018.2\lib\classes\jide-grids.jar;D:/vivado/2018.2\lib\classes\jide-pivot.jar;D:/vivado/2018.2\lib\classes\jide-plaf-jdk7
Launcher Type: generic

Environment Variables:
JAVA_HOME=C:\Program Files\Java\jdk1.8.0_202
JRE_HOME=C:\Program Files\Java\jre1.8.0_202
CLASSPATH=C:\Users\9\SQLite\sqlite-jdbc-3.27.2.1.jar;C:\Program Files\Java\jdk1.8.0_202\bin;C:\Program Files\Java\jre1.8.0_202\bin;
PATH=D:/vivado/2018.2/bin;D:/vivado/2018.2/lib/win64.o;D:/vivado/2018.2/tps/win64/jre/bin/server;D:/vivado/2018.2/tps/win64/jre/bin;D:/SDK/2018.2/bin;D:/vivado/2018.2/ids_lite/ISE/bin/nt64;D:/vivado/2018.2/ids_lite/ISE/lib/nt64;C:\Windows\system32;C:\Windows;C:\Windows\System32\Wbem;C:\Windows\System32\WindowsPowerShell\v1.0\;C:\Program Files\Microsoft SQL Server\120\Tools\Binn\;C:\Program Files\Microsoft SQL Server\130\Tools\Binn\;C:\Program Files\Git\cmd;C:\Program Files\Java\jdk1.8.0_202\bin;C:\Program Files\Java\jdk1.8.0_202\lib;C:\Program Files (x86)\Common Files\Oracle\Java\javapath;%QUARTUS_ROOTDIR%\bin;C:\Program Files\nodejs\;C:\Users\9\AppData\Local\Programs\Python\Python38\Scripts\;C:\Users\9\AppData\Local\Programs\Python\Python38\;C:\Users\9\AppData\Local\Microsoft\WindowsApps;;C:\Program Files\JetBrains\IntelliJ IDEA 2019.2.2\bin;D:\PyCharm\PyCharm Community Edition 2019.3.3\bin;C:\Users\9\AppData\Roaming\npm;D:/vivado/2018.2\tps\mingw\6.2.0\win64.o\nt\bin;D:/vivado/2018.2\tps\mingw\6.2.0\win64.o\nt\libexec\gcc\x86_64-w64-mingw32\6.2.0
USERNAME=9
OS=Windows_NT
PROCESSOR_IDENTIFIER=Intel64 Family 6 Model 78 Stepping 3, GenuineIntel



---------------  S Y S T E M  ---------------

OS: Windows 10.0 , 64 bit Build 14393 (10.0.14393.1198)

CPU:total 4 (2 cores per cpu, 2 threads per core) family 6 model 78 stepping 3, cmov, cx8, fxsr, mmx, sse, sse2, sse3, ssse3, sse4.1, sse4.2, popcnt, avx, avx2, aes, clmul, erms, 3dnowpref, lzcnt, ht, tsc, tscinvbit, bmi1, bmi2, adx

Memory: 4k page, physical 4109136k(727948k free), swap 7184380k(1414664k free)

vm_info: Java HotSpot(TM) 64-Bit Server VM (25.112-b15) for windows-amd64 JRE (1.8.0_112-b15), built on Sep 22 2016 21:31:56 by "java_re" with MS VC++ 10.0 (VS2010)

time: Fri Oct 02 00:47:38 2020
elapsed time: 17728 seconds (0d 4h 55m 28s)

