#-----------------------------------------------------------
# Vivado v2018.2 (64-bit)
# SW Build 2258646 on Thu Jun 14 20:03:12 MDT 2018
# IP Build 2256618 on Thu Jun 14 22:10:49 MDT 2018
# Start of session at: Thu Dec 24 22:36:36 2020
# Process ID: 7700
# Current directory: D:/универ/7 semester/апвмис/lab1
# Command line: vivado.exe -gui_launcher_event rodinguilauncherevent11636 D:\универ\7 semester\апвмис\lab1\lab1.xpr
# Log file: D:/универ/7 semester/апвмис/lab1/vivado.log
# Journal file: D:/универ/7 semester/апвмис/lab1\vivado.jou
#-----------------------------------------------------------
start_gui
open_project {D:/универ/7 semester/апвмис/lab1/lab1.xpr}
INFO: [Project 1-313] Project file moved from 'E:/lab1failed' since last save.
Scanning sources...
Finished scanning sources
INFO: [IP_Flow 19-234] Refreshing IP repositories
INFO: [IP_Flow 19-1704] No user IP repositories specified
INFO: [IP_Flow 19-2313] Loaded Vivado IP repository 'D:/vivado/2018.2/data/ip'.
open_project: Time (s): cpu = 00:00:17 ; elapsed = 00:00:10 . Memory (MB): peak = 784.938 ; gain = 52.086
exit
INFO: [Common 17-206] Exiting Vivado at Thu Dec 24 23:06:22 2020...
