#-----------------------------------------------------------
# Vivado v2018.2 (64-bit)
# SW Build 2258646 on Thu Jun 14 20:03:12 MDT 2018
# IP Build 2256618 on Thu Jun 14 22:10:49 MDT 2018
# Start of session at: Fri Oct  2 11:13:43 2020
# Process ID: 6648
# Current directory: C:/Users/9/Desktop/lab1
# Command line: vivado.exe -gui_launcher_event rodinguilauncherevent4436 C:\Users\9\Desktop\lab1\lab1.xpr
# Log file: C:/Users/9/Desktop/lab1/vivado.log
# Journal file: C:/Users/9/Desktop/lab1\vivado.jou
#-----------------------------------------------------------
start_gui
open_project C:/Users/9/Desktop/lab1/lab1.xpr
Scanning sources...
Finished scanning sources
INFO: [IP_Flow 19-234] Refreshing IP repositories
INFO: [IP_Flow 19-1704] No user IP repositories specified
INFO: [IP_Flow 19-2313] Loaded Vivado IP repository 'D:/vivado/2018.2/data/ip'.
open_project: Time (s): cpu = 00:00:21 ; elapsed = 00:00:10 . Memory (MB): peak = 799.367 ; gain = 70.039
launch_simulation -simset sim_lab1
INFO: [Vivado 12-5682] Launching behavioral simulation in 'C:/Users/9/Desktop/lab1/lab1.sim/sim_lab1/behav/xsim'
INFO: [SIM-utils-51] Simulation object is 'sim_lab1'
INFO: [SIM-utils-54] Inspecting design source files for 'tb_ALU_2' in fileset 'sim_lab1'...
INFO: [USF-XSim-97] Finding global include files...
INFO: [USF-XSim-100] Fetching design files from 'sources_1'...(this may take a while)...
INFO: [USF-XSim-101] Fetching design files from 'sim_lab1'...
INFO: [USF-XSim-2] XSim::Compile design
INFO: [USF-XSim-61] Executing 'COMPILE and ANALYZE' step in 'C:/Users/9/Desktop/lab1/lab1.sim/sim_lab1/behav/xsim'
"xvhdl --incr --relax -prj tb_ALU_2_vhdl.prj"
INFO: [VRFC 10-163] Analyzing VHDL file "C:/Users/9/Desktop/lab1/lab1.srcs/sources_1/new/ALU_logic.vhd" into library xil_defaultlib
INFO: [VRFC 10-307] analyzing entity ALU_logic
INFO: [VRFC 10-163] Analyzing VHDL file "C:/Users/9/Desktop/lab1/lab1.srcs/sources_1/new/ALU.vhd" into library xil_defaultlib
INFO: [VRFC 10-307] analyzing entity ALU
INFO: [USF-XSim-69] 'compile' step finished in '2' seconds
INFO: [USF-XSim-3] XSim::Elaborate design
INFO: [USF-XSim-61] Executing 'ELABORATE' step in 'C:/Users/9/Desktop/lab1/lab1.sim/sim_lab1/behav/xsim'
Vivado Simulator 2018.2
Copyright 1986-1999, 2001-2018 Xilinx, Inc. All Rights Reserved.
Running: D:/vivado/2018.2/bin/unwrapped/win64.o/xelab.exe -wto 30d8e3490d8c43baaf679a3268b7c849 --incr --debug typical --relax --mt 2 -L xil_defaultlib -L secureip --snapshot tb_ALU_2_behav xil_defaultlib.tb_ALU_2 -log elaborate.log 
Using 2 slave threads.
Starting static elaboration
Completed static elaboration
Starting simulation data flow analysis
Completed simulation data flow analysis
Time Resolution for simulation is 1ps
Compiling package std.standard
Compiling package std.textio
Compiling package ieee.std_logic_1164
Compiling package ieee.std_logic_arith
Compiling package ieee.std_logic_unsigned
Compiling architecture behavioral of entity xil_defaultlib.ALU [alu_default]
Compiling architecture tb of entity xil_defaultlib.tb_alu_2
Built simulation snapshot tb_ALU_2_behav
INFO: [USF-XSim-69] 'elaborate' step finished in '3' seconds
INFO: [USF-XSim-4] XSim::Simulate design
INFO: [USF-XSim-61] Executing 'SIMULATE' step in 'C:/Users/9/Desktop/lab1/lab1.sim/sim_lab1/behav/xsim'
INFO: [USF-XSim-98] *** Running xsim
   with args "tb_ALU_2_behav -key {Behavioral:sim_lab1:Functional:tb_ALU_2} -tclbatch {tb_ALU_2.tcl} -log {simulate.log}"
INFO: [USF-XSim-8] Loading simulator feature
Vivado Simulator 2018.2
Time resolution is 1 ps
source tb_ALU_2.tcl
# set curr_wave [current_wave_config]
# if { [string length $curr_wave] == 0 } {
#   if { [llength [get_objects]] > 0} {
#     add_wave /
#     set_property needs_save false [current_wave_config]
#   } else {
#      send_msg_id Add_Wave-1 WARNING "No top level signals found. Simulator will start without a wave window. If you want to open a wave window go to 'File->New Waveform Configuration' or type 'create_wave_config' in the TCL console."
#   }
# }
# log_wave -r /
WARNING: [Simtcl 6-197] One or more HDL objects could not be logged because of object type or size limitations.  To see details please rerun the command with -verbose (-v).
# run 327700ns
INFO: [USF-XSim-96] XSim completed. Design snapshot 'tb_ALU_2_behav' loaded.
INFO: [USF-XSim-97] XSim simulation ran for 327700ns
launch_simulation: Time (s): cpu = 00:00:10 ; elapsed = 00:00:10 . Memory (MB): peak = 879.297 ; gain = 44.113
set_property top ALU_logic [current_fileset]
set_property top tb_ALU_logic [get_filesets sim_lab1]
set_property top_lib xil_defaultlib [get_filesets sim_lab1]
launch_simulation -simset sim_lab1
INFO: [Vivado 12-5682] Launching behavioral simulation in 'C:/Users/9/Desktop/lab1/lab1.sim/sim_lab1/behav/xsim'
INFO: [SIM-utils-51] Simulation object is 'sim_lab1'
INFO: [SIM-utils-54] Inspecting design source files for 'tb_ALU_logic' in fileset 'sim_lab1'...
INFO: [USF-XSim-97] Finding global include files...
INFO: [USF-XSim-100] Fetching design files from 'sources_1'...(this may take a while)...
INFO: [USF-XSim-101] Fetching design files from 'sim_lab1'...
INFO: [USF-XSim-2] XSim::Compile design
INFO: [USF-XSim-61] Executing 'COMPILE and ANALYZE' step in 'C:/Users/9/Desktop/lab1/lab1.sim/sim_lab1/behav/xsim'
"xvhdl --incr --relax -prj tb_ALU_logic_vhdl.prj"
INFO: [USF-XSim-69] 'compile' step finished in '2' seconds
INFO: [USF-XSim-3] XSim::Elaborate design
INFO: [USF-XSim-61] Executing 'ELABORATE' step in 'C:/Users/9/Desktop/lab1/lab1.sim/sim_lab1/behav/xsim'
Vivado Simulator 2018.2
Copyright 1986-1999, 2001-2018 Xilinx, Inc. All Rights Reserved.
Running: D:/vivado/2018.2/bin/unwrapped/win64.o/xelab.exe -wto 30d8e3490d8c43baaf679a3268b7c849 --incr --debug typical --relax --mt 2 -L xil_defaultlib -L secureip --snapshot tb_ALU_logic_behav xil_defaultlib.tb_ALU_logic -log elaborate.log 
Using 2 slave threads.
Starting static elaboration
Completed static elaboration
Starting simulation data flow analysis
Completed simulation data flow analysis
Time Resolution for simulation is 1ps
Compiling package std.standard
Compiling package std.textio
Compiling package ieee.std_logic_1164
Compiling package ieee.std_logic_arith
Compiling architecture behavioral of entity xil_defaultlib.ALU_logic [alu_logic_default]
Compiling architecture tb of entity xil_defaultlib.tb_alu_logic
Built simulation snapshot tb_ALU_logic_behav
INFO: [USF-XSim-69] 'elaborate' step finished in '2' seconds
INFO: [USF-XSim-4] XSim::Simulate design
INFO: [USF-XSim-61] Executing 'SIMULATE' step in 'C:/Users/9/Desktop/lab1/lab1.sim/sim_lab1/behav/xsim'
INFO: [USF-XSim-98] *** Running xsim
   with args "tb_ALU_logic_behav -key {Behavioral:sim_lab1:Functional:tb_ALU_logic} -tclbatch {tb_ALU_logic.tcl} -log {simulate.log}"
INFO: [USF-XSim-8] Loading simulator feature
Vivado Simulator 2018.2
Time resolution is 1 ps
source tb_ALU_logic.tcl
# set curr_wave [current_wave_config]
# if { [string length $curr_wave] == 0 } {
#   if { [llength [get_objects]] > 0} {
#     add_wave /
#     set_property needs_save false [current_wave_config]
#   } else {
#      send_msg_id Add_Wave-1 WARNING "No top level signals found. Simulator will start without a wave window. If you want to open a wave window go to 'File->New Waveform Configuration' or type 'create_wave_config' in the TCL console."
#   }
# }
# log_wave -r /
# run 327700ns
INFO: [USF-XSim-96] XSim completed. Design snapshot 'tb_ALU_logic_behav' loaded.
INFO: [USF-XSim-97] XSim simulation ran for 327700ns
launch_simulation: Time (s): cpu = 00:00:04 ; elapsed = 00:00:07 . Memory (MB): peak = 879.297 ; gain = 0.000
current_sim simulation_1
current_sim simulation_2
current_sim simulation_1
current_sim simulation_2
current_sim simulation_1
current_sim simulation_2
close_sim
INFO: [Simtcl 6-16] Simulation closed
launch_simulation -simset sim_lab1
INFO: [Vivado 12-5682] Launching behavioral simulation in 'C:/Users/9/Desktop/lab1/lab1.sim/sim_lab1/behav/xsim'
INFO: [SIM-utils-51] Simulation object is 'sim_lab1'
INFO: [SIM-utils-54] Inspecting design source files for 'tb_ALU_logic' in fileset 'sim_lab1'...
INFO: [USF-XSim-97] Finding global include files...
INFO: [USF-XSim-100] Fetching design files from 'sources_1'...(this may take a while)...
INFO: [USF-XSim-101] Fetching design files from 'sim_lab1'...
INFO: [USF-XSim-2] XSim::Compile design
INFO: [USF-XSim-61] Executing 'COMPILE and ANALYZE' step in 'C:/Users/9/Desktop/lab1/lab1.sim/sim_lab1/behav/xsim'
"xvhdl --incr --relax -prj tb_ALU_logic_vhdl.prj"
INFO: [VRFC 10-163] Analyzing VHDL file "C:/Users/9/Desktop/lab1/lab1.srcs/sim_lab1/new/tb_ALU_2.vhd" into library xil_defaultlib
INFO: [VRFC 10-307] analyzing entity tb_ALU_2
INFO: [USF-XSim-69] 'compile' step finished in '2' seconds
INFO: [USF-XSim-3] XSim::Elaborate design
INFO: [USF-XSim-61] Executing 'ELABORATE' step in 'C:/Users/9/Desktop/lab1/lab1.sim/sim_lab1/behav/xsim'
Vivado Simulator 2018.2
Copyright 1986-1999, 2001-2018 Xilinx, Inc. All Rights Reserved.
Running: D:/vivado/2018.2/bin/unwrapped/win64.o/xelab.exe -wto 30d8e3490d8c43baaf679a3268b7c849 --incr --debug typical --relax --mt 2 -L xil_defaultlib -L secureip --snapshot tb_ALU_logic_behav xil_defaultlib.tb_ALU_logic -log elaborate.log 
Using 2 slave threads.
Starting static elaboration
Completed static elaboration
INFO: [XSIM 43-4323] No Change in HDL. Linking previously generated obj files to create kernel
INFO: [USF-XSim-69] 'elaborate' step finished in '2' seconds
INFO: [USF-XSim-4] XSim::Simulate design
INFO: [USF-XSim-61] Executing 'SIMULATE' step in 'C:/Users/9/Desktop/lab1/lab1.sim/sim_lab1/behav/xsim'
INFO: [USF-XSim-98] *** Running xsim
   with args "tb_ALU_logic_behav -key {Behavioral:sim_lab1:Functional:tb_ALU_logic} -tclbatch {tb_ALU_logic.tcl} -log {simulate.log}"
INFO: [USF-XSim-8] Loading simulator feature
Vivado Simulator 2018.2
Time resolution is 1 ps
source tb_ALU_logic.tcl
# set curr_wave [current_wave_config]
# if { [string length $curr_wave] == 0 } {
#   if { [llength [get_objects]] > 0} {
#     add_wave /
#     set_property needs_save false [current_wave_config]
#   } else {
#      send_msg_id Add_Wave-1 WARNING "No top level signals found. Simulator will start without a wave window. If you want to open a wave window go to 'File->New Waveform Configuration' or type 'create_wave_config' in the TCL console."
#   }
# }
# log_wave -r /
# run 327700ns
INFO: [USF-XSim-96] XSim completed. Design snapshot 'tb_ALU_logic_behav' loaded.
INFO: [USF-XSim-97] XSim simulation ran for 327700ns
launch_simulation: Time (s): cpu = 00:00:05 ; elapsed = 00:00:07 . Memory (MB): peak = 892.379 ; gain = 0.000
current_sim simulation_1
set_property top ALU [current_fileset]
set_property top tb_ALU_2 [get_filesets sim_lab1]
set_property top_lib xil_defaultlib [get_filesets sim_lab1]
close_sim
INFO: [Simtcl 6-16] Simulation closed
launch_simulation -simset sim_lab1
INFO: [Vivado 12-5682] Launching behavioral simulation in 'C:/Users/9/Desktop/lab1/lab1.sim/sim_lab1/behav/xsim'
INFO: [SIM-utils-51] Simulation object is 'sim_lab1'
INFO: [SIM-utils-54] Inspecting design source files for 'tb_ALU_2' in fileset 'sim_lab1'...
INFO: [USF-XSim-97] Finding global include files...
INFO: [USF-XSim-100] Fetching design files from 'sources_1'...(this may take a while)...
INFO: [USF-XSim-101] Fetching design files from 'sim_lab1'...
INFO: [USF-XSim-2] XSim::Compile design
INFO: [USF-XSim-61] Executing 'COMPILE and ANALYZE' step in 'C:/Users/9/Desktop/lab1/lab1.sim/sim_lab1/behav/xsim'
"xvhdl --incr --relax -prj tb_ALU_2_vhdl.prj"
INFO: [USF-XSim-69] 'compile' step finished in '2' seconds
INFO: [USF-XSim-3] XSim::Elaborate design
INFO: [USF-XSim-61] Executing 'ELABORATE' step in 'C:/Users/9/Desktop/lab1/lab1.sim/sim_lab1/behav/xsim'
Vivado Simulator 2018.2
Copyright 1986-1999, 2001-2018 Xilinx, Inc. All Rights Reserved.
Running: D:/vivado/2018.2/bin/unwrapped/win64.o/xelab.exe -wto 30d8e3490d8c43baaf679a3268b7c849 --incr --debug typical --relax --mt 2 -L xil_defaultlib -L secureip --snapshot tb_ALU_2_behav xil_defaultlib.tb_ALU_2 -log elaborate.log 
Using 2 slave threads.
Starting static elaboration
Completed static elaboration
Starting simulation data flow analysis
Completed simulation data flow analysis
Time Resolution for simulation is 1ps
Compiling package std.standard
Compiling package std.textio
Compiling package ieee.std_logic_1164
Compiling package ieee.std_logic_arith
Compiling package ieee.std_logic_unsigned
Compiling architecture behavioral of entity xil_defaultlib.ALU [alu_default]
Compiling architecture tb of entity xil_defaultlib.tb_alu_2
Built simulation snapshot tb_ALU_2_behav
INFO: [USF-XSim-69] 'elaborate' step finished in '2' seconds
INFO: [USF-XSim-4] XSim::Simulate design
INFO: [USF-XSim-61] Executing 'SIMULATE' step in 'C:/Users/9/Desktop/lab1/lab1.sim/sim_lab1/behav/xsim'
INFO: [USF-XSim-98] *** Running xsim
   with args "tb_ALU_2_behav -key {Behavioral:sim_lab1:Functional:tb_ALU_2} -tclbatch {tb_ALU_2.tcl} -log {simulate.log}"
INFO: [USF-XSim-8] Loading simulator feature
Vivado Simulator 2018.2
Time resolution is 1 ps
source tb_ALU_2.tcl
# set curr_wave [current_wave_config]
# if { [string length $curr_wave] == 0 } {
#   if { [llength [get_objects]] > 0} {
#     add_wave /
#     set_property needs_save false [current_wave_config]
#   } else {
#      send_msg_id Add_Wave-1 WARNING "No top level signals found. Simulator will start without a wave window. If you want to open a wave window go to 'File->New Waveform Configuration' or type 'create_wave_config' in the TCL console."
#   }
# }
# log_wave -r /
WARNING: [Simtcl 6-197] One or more HDL objects could not be logged because of object type or size limitations.  To see details please rerun the command with -verbose (-v).
# run 327700ns
INFO: [USF-XSim-96] XSim completed. Design snapshot 'tb_ALU_2_behav' loaded.
INFO: [USF-XSim-97] XSim simulation ran for 327700ns
launch_simulation: Time (s): cpu = 00:00:09 ; elapsed = 00:00:09 . Memory (MB): peak = 892.379 ; gain = 0.000
current_sim simulation_3
current_sim simulation_4
close_sim
INFO: [Simtcl 6-16] Simulation closed
launch_simulation -simset sim_lab1
INFO: [Vivado 12-5682] Launching behavioral simulation in 'C:/Users/9/Desktop/lab1/lab1.sim/sim_lab1/behav/xsim'
INFO: [SIM-utils-51] Simulation object is 'sim_lab1'
INFO: [SIM-utils-54] Inspecting design source files for 'tb_ALU_2' in fileset 'sim_lab1'...
INFO: [USF-XSim-97] Finding global include files...
INFO: [USF-XSim-100] Fetching design files from 'sources_1'...(this may take a while)...
INFO: [USF-XSim-101] Fetching design files from 'sim_lab1'...
INFO: [USF-XSim-2] XSim::Compile design
INFO: [USF-XSim-61] Executing 'COMPILE and ANALYZE' step in 'C:/Users/9/Desktop/lab1/lab1.sim/sim_lab1/behav/xsim'
"xvhdl --incr --relax -prj tb_ALU_2_vhdl.prj"
INFO: [VRFC 10-163] Analyzing VHDL file "C:/Users/9/Desktop/lab1/lab1.srcs/sim_lab1/new/tb_ALU_2.vhd" into library xil_defaultlib
INFO: [VRFC 10-307] analyzing entity tb_ALU_2
INFO: [USF-XSim-69] 'compile' step finished in '2' seconds
INFO: [USF-XSim-3] XSim::Elaborate design
INFO: [USF-XSim-61] Executing 'ELABORATE' step in 'C:/Users/9/Desktop/lab1/lab1.sim/sim_lab1/behav/xsim'
Vivado Simulator 2018.2
Copyright 1986-1999, 2001-2018 Xilinx, Inc. All Rights Reserved.
Running: D:/vivado/2018.2/bin/unwrapped/win64.o/xelab.exe -wto 30d8e3490d8c43baaf679a3268b7c849 --incr --debug typical --relax --mt 2 -L xil_defaultlib -L secureip --snapshot tb_ALU_2_behav xil_defaultlib.tb_ALU_2 -log elaborate.log 
Using 2 slave threads.
Starting static elaboration
Completed static elaboration
Starting simulation data flow analysis
Completed simulation data flow analysis
Time Resolution for simulation is 1ps
Compiling package std.standard
Compiling package std.textio
Compiling package ieee.std_logic_1164
Compiling package ieee.std_logic_arith
Compiling package ieee.std_logic_unsigned
Compiling architecture behavioral of entity xil_defaultlib.ALU [alu_default]
Compiling architecture tb of entity xil_defaultlib.tb_alu_2
Built simulation snapshot tb_ALU_2_behav
INFO: [USF-XSim-69] 'elaborate' step finished in '3' seconds
INFO: [USF-XSim-4] XSim::Simulate design
INFO: [USF-XSim-61] Executing 'SIMULATE' step in 'C:/Users/9/Desktop/lab1/lab1.sim/sim_lab1/behav/xsim'
INFO: [USF-XSim-98] *** Running xsim
   with args "tb_ALU_2_behav -key {Behavioral:sim_lab1:Functional:tb_ALU_2} -tclbatch {tb_ALU_2.tcl} -log {simulate.log}"
INFO: [USF-XSim-8] Loading simulator feature
Vivado Simulator 2018.2
Time resolution is 1 ps
source tb_ALU_2.tcl
# set curr_wave [current_wave_config]
# if { [string length $curr_wave] == 0 } {
#   if { [llength [get_objects]] > 0} {
#     add_wave /
#     set_property needs_save false [current_wave_config]
#   } else {
#      send_msg_id Add_Wave-1 WARNING "No top level signals found. Simulator will start without a wave window. If you want to open a wave window go to 'File->New Waveform Configuration' or type 'create_wave_config' in the TCL console."
#   }
# }
# log_wave -r /
WARNING: [Simtcl 6-197] One or more HDL objects could not be logged because of object type or size limitations.  To see details please rerun the command with -verbose (-v).
# run 327700ns
FATAL_ERROR: Iteration limit 10000 is reached. Possible zero delay oscillation detected where simulation time can not advance. Please check your source code. Note that the iteration limit can be changed using switch -maxdeltaid.
Time: 0 ps  Iteration: 10000
INFO: [USF-XSim-96] XSim completed. Design snapshot 'tb_ALU_2_behav' loaded.
INFO: [USF-XSim-97] XSim simulation ran for 327700ns
launch_simulation: Time (s): cpu = 00:00:03 ; elapsed = 00:00:07 . Memory (MB): peak = 895.992 ; gain = 0.000
close_sim
INFO: [Simtcl 6-16] Simulation closed
launch_simulation -simset sim_lab1
INFO: [Vivado 12-5682] Launching behavioral simulation in 'C:/Users/9/Desktop/lab1/lab1.sim/sim_lab1/behav/xsim'
INFO: [SIM-utils-51] Simulation object is 'sim_lab1'
INFO: [SIM-utils-54] Inspecting design source files for 'tb_ALU_2' in fileset 'sim_lab1'...
INFO: [USF-XSim-97] Finding global include files...
INFO: [USF-XSim-100] Fetching design files from 'sources_1'...(this may take a while)...
INFO: [USF-XSim-101] Fetching design files from 'sim_lab1'...
INFO: [USF-XSim-2] XSim::Compile design
INFO: [USF-XSim-61] Executing 'COMPILE and ANALYZE' step in 'C:/Users/9/Desktop/lab1/lab1.sim/sim_lab1/behav/xsim'
"xvhdl --incr --relax -prj tb_ALU_2_vhdl.prj"
INFO: [VRFC 10-163] Analyzing VHDL file "C:/Users/9/Desktop/lab1/lab1.srcs/sim_lab1/new/tb_ALU_2.vhd" into library xil_defaultlib
INFO: [VRFC 10-307] analyzing entity tb_ALU_2
INFO: [USF-XSim-69] 'compile' step finished in '2' seconds
INFO: [USF-XSim-3] XSim::Elaborate design
INFO: [USF-XSim-61] Executing 'ELABORATE' step in 'C:/Users/9/Desktop/lab1/lab1.sim/sim_lab1/behav/xsim'
Vivado Simulator 2018.2
Copyright 1986-1999, 2001-2018 Xilinx, Inc. All Rights Reserved.
Running: D:/vivado/2018.2/bin/unwrapped/win64.o/xelab.exe -wto 30d8e3490d8c43baaf679a3268b7c849 --incr --debug typical --relax --mt 2 -L xil_defaultlib -L secureip --snapshot tb_ALU_2_behav xil_defaultlib.tb_ALU_2 -log elaborate.log 
Using 2 slave threads.
Starting static elaboration
Completed static elaboration
Starting simulation data flow analysis
Completed simulation data flow analysis
Time Resolution for simulation is 1ps
Compiling package std.standard
Compiling package std.textio
Compiling package ieee.std_logic_1164
Compiling package ieee.std_logic_arith
Compiling package ieee.std_logic_unsigned
Compiling architecture behavioral of entity xil_defaultlib.ALU [alu_default]
Compiling architecture tb of entity xil_defaultlib.tb_alu_2
Built simulation snapshot tb_ALU_2_behav
INFO: [USF-XSim-69] 'elaborate' step finished in '2' seconds
INFO: [USF-XSim-4] XSim::Simulate design
INFO: [USF-XSim-61] Executing 'SIMULATE' step in 'C:/Users/9/Desktop/lab1/lab1.sim/sim_lab1/behav/xsim'
INFO: [USF-XSim-98] *** Running xsim
   with args "tb_ALU_2_behav -key {Behavioral:sim_lab1:Functional:tb_ALU_2} -tclbatch {tb_ALU_2.tcl} -log {simulate.log}"
INFO: [USF-XSim-8] Loading simulator feature
Vivado Simulator 2018.2
Time resolution is 1 ps
source tb_ALU_2.tcl
# set curr_wave [current_wave_config]
# if { [string length $curr_wave] == 0 } {
#   if { [llength [get_objects]] > 0} {
#     add_wave /
#     set_property needs_save false [current_wave_config]
#   } else {
#      send_msg_id Add_Wave-1 WARNING "No top level signals found. Simulator will start without a wave window. If you want to open a wave window go to 'File->New Waveform Configuration' or type 'create_wave_config' in the TCL console."
#   }
# }
# log_wave -r /
WARNING: [Simtcl 6-197] One or more HDL objects could not be logged because of object type or size limitations.  To see details please rerun the command with -verbose (-v).
# run 327700ns
INFO: [USF-XSim-96] XSim completed. Design snapshot 'tb_ALU_2_behav' loaded.
INFO: [USF-XSim-97] XSim simulation ran for 327700ns
launch_simulation: Time (s): cpu = 00:00:02 ; elapsed = 00:00:07 . Memory (MB): peak = 895.992 ; gain = 0.000
close_sim
INFO: [Simtcl 6-16] Simulation closed
launch_simulation -simset sim_lab1
INFO: [Vivado 12-5682] Launching behavioral simulation in 'C:/Users/9/Desktop/lab1/lab1.sim/sim_lab1/behav/xsim'
INFO: [SIM-utils-51] Simulation object is 'sim_lab1'
INFO: [SIM-utils-54] Inspecting design source files for 'tb_ALU_2' in fileset 'sim_lab1'...
INFO: [USF-XSim-97] Finding global include files...
INFO: [USF-XSim-100] Fetching design files from 'sources_1'...(this may take a while)...
INFO: [USF-XSim-101] Fetching design files from 'sim_lab1'...
INFO: [USF-XSim-2] XSim::Compile design
INFO: [USF-XSim-61] Executing 'COMPILE and ANALYZE' step in 'C:/Users/9/Desktop/lab1/lab1.sim/sim_lab1/behav/xsim'
"xvhdl --incr --relax -prj tb_ALU_2_vhdl.prj"
INFO: [VRFC 10-163] Analyzing VHDL file "C:/Users/9/Desktop/lab1/lab1.srcs/sources_1/new/ALU.vhd" into library xil_defaultlib
INFO: [VRFC 10-307] analyzing entity ALU
INFO: [VRFC 10-163] Analyzing VHDL file "C:/Users/9/Desktop/lab1/lab1.srcs/sim_lab1/new/tb_ALU_2.vhd" into library xil_defaultlib
INFO: [VRFC 10-307] analyzing entity tb_ALU_2
INFO: [USF-XSim-69] 'compile' step finished in '2' seconds
INFO: [USF-XSim-3] XSim::Elaborate design
INFO: [USF-XSim-61] Executing 'ELABORATE' step in 'C:/Users/9/Desktop/lab1/lab1.sim/sim_lab1/behav/xsim'
Vivado Simulator 2018.2
Copyright 1986-1999, 2001-2018 Xilinx, Inc. All Rights Reserved.
Running: D:/vivado/2018.2/bin/unwrapped/win64.o/xelab.exe -wto 30d8e3490d8c43baaf679a3268b7c849 --incr --debug typical --relax --mt 2 -L xil_defaultlib -L secureip --snapshot tb_ALU_2_behav xil_defaultlib.tb_ALU_2 -log elaborate.log 
Using 2 slave threads.
Starting static elaboration
Completed static elaboration
Starting simulation data flow analysis
Completed simulation data flow analysis
Time Resolution for simulation is 1ps
Compiling package std.standard
Compiling package std.textio
Compiling package ieee.std_logic_1164
Compiling package ieee.std_logic_arith
Compiling package ieee.std_logic_unsigned
Compiling architecture behavioral of entity xil_defaultlib.ALU [alu_default]
Compiling architecture tb of entity xil_defaultlib.tb_alu_2
Built simulation snapshot tb_ALU_2_behav
INFO: [USF-XSim-69] 'elaborate' step finished in '3' seconds
INFO: [USF-XSim-4] XSim::Simulate design
INFO: [USF-XSim-61] Executing 'SIMULATE' step in 'C:/Users/9/Desktop/lab1/lab1.sim/sim_lab1/behav/xsim'
INFO: [USF-XSim-98] *** Running xsim
   with args "tb_ALU_2_behav -key {Behavioral:sim_lab1:Functional:tb_ALU_2} -tclbatch {tb_ALU_2.tcl} -log {simulate.log}"
INFO: [USF-XSim-8] Loading simulator feature
Vivado Simulator 2018.2
Time resolution is 1 ps
source tb_ALU_2.tcl
# set curr_wave [current_wave_config]
# if { [string length $curr_wave] == 0 } {
#   if { [llength [get_objects]] > 0} {
#     add_wave /
#     set_property needs_save false [current_wave_config]
#   } else {
#      send_msg_id Add_Wave-1 WARNING "No top level signals found. Simulator will start without a wave window. If you want to open a wave window go to 'File->New Waveform Configuration' or type 'create_wave_config' in the TCL console."
#   }
# }
# log_wave -r /
WARNING: [Simtcl 6-197] One or more HDL objects could not be logged because of object type or size limitations.  To see details please rerun the command with -verbose (-v).
# run 327700ns
INFO: [USF-XSim-96] XSim completed. Design snapshot 'tb_ALU_2_behav' loaded.
INFO: [USF-XSim-97] XSim simulation ran for 327700ns
launch_simulation: Time (s): cpu = 00:00:04 ; elapsed = 00:00:08 . Memory (MB): peak = 895.992 ; gain = 0.000
close_sim
INFO: [Simtcl 6-16] Simulation closed
close_sim
INFO: [Simtcl 6-16] Simulation closed
exit
INFO: [Common 17-206] Exiting Vivado at Fri Oct  2 13:08:56 2020...
