#-----------------------------------------------------------
# Vivado v2018.2 (64-bit)
# SW Build 2258646 on Thu Jun 14 20:03:12 MDT 2018
# IP Build 2256618 on Thu Jun 14 22:10:49 MDT 2018
# Start of session at: Mon Oct  5 15:31:49 2020
# Process ID: 2428
# Current directory: E:/lab1failed
# Command line: vivado.exe -gui_launcher_event rodinguilauncherevent8124 E:\lab1failed\lab1.xpr
# Log file: E:/lab1failed/vivado.log
# Journal file: E:/lab1failed\vivado.jou
#-----------------------------------------------------------
start_gui
open_project E:/lab1failed/lab1.xpr
Scanning sources...
Finished scanning sources
INFO: [IP_Flow 19-234] Refreshing IP repositories
INFO: [IP_Flow 19-1704] No user IP repositories specified
INFO: [IP_Flow 19-2313] Loaded Vivado IP repository 'D:/vivado/2018.2/data/ip'.
open_project: Time (s): cpu = 00:00:18 ; elapsed = 00:00:08 . Memory (MB): peak = 816.398 ; gain = 110.207
launch_simulation -simset sim_lab1
INFO: [Vivado 12-5682] Launching behavioral simulation in 'E:/lab1failed/lab1.sim/sim_lab1/behav/xsim'
INFO: [SIM-utils-51] Simulation object is 'sim_lab1'
INFO: [SIM-utils-54] Inspecting design source files for 'tb_ALU_logic' in fileset 'sim_lab1'...
INFO: [USF-XSim-97] Finding global include files...
INFO: [USF-XSim-100] Fetching design files from 'sources_1'...(this may take a while)...
INFO: [USF-XSim-101] Fetching design files from 'sim_lab1'...
INFO: [USF-XSim-2] XSim::Compile design
INFO: [USF-XSim-61] Executing 'COMPILE and ANALYZE' step in 'E:/lab1failed/lab1.sim/sim_lab1/behav/xsim'
"xvhdl --incr --relax -prj tb_ALU_logic_vhdl.prj"
INFO: [USF-XSim-69] 'compile' step finished in '3' seconds
INFO: [USF-XSim-3] XSim::Elaborate design
INFO: [USF-XSim-61] Executing 'ELABORATE' step in 'E:/lab1failed/lab1.sim/sim_lab1/behav/xsim'
Vivado Simulator 2018.2
Copyright 1986-1999, 2001-2018 Xilinx, Inc. All Rights Reserved.
Running: D:/vivado/2018.2/bin/unwrapped/win64.o/xelab.exe -wto 30d8e3490d8c43baaf679a3268b7c849 --incr --debug typical --relax --mt 2 -L xil_defaultlib -L secureip --snapshot tb_ALU_logic_behav xil_defaultlib.tb_ALU_logic -log elaborate.log 
Using 2 slave threads.
Starting static elaboration
Completed static elaboration
INFO: [XSIM 43-4323] No Change in HDL. Linking previously generated obj files to create kernel
D:/vivado/2018.2/tps/mingw/6.2.0/win64.o/nt/bin/../lib/gcc/x86_64-w64-mingw32/6.2.0/../../../../x86_64-w64-mingw32/bin/ld.exe: cannot open output file xsim.dir/tb_ALU_logic_behav/xsimk.exe: Permission denied
collect2.exe: error: ld returned 1 exit status
INFO: [USF-XSim-69] 'elaborate' step finished in '4' seconds
ERROR: [USF-XSim-62] 'elaborate' step failed with error(s) while executing 'E:/lab1failed/lab1.sim/sim_lab1/behav/xsim/elaborate.bat' script. Please check that the file has the correct 'read/write/execute' permissions and the Tcl console output for any other possible errors or warnings.
ERROR: [Vivado 12-4473] Detected error while running simulation. Please correct the issue and retry this operation.
launch_simulation: Time (s): cpu = 00:00:04 ; elapsed = 00:00:08 . Memory (MB): peak = 859.098 ; gain = 0.000
ERROR: [Common 17-39] 'launch_simulation' failed due to earlier errors.
launch_simulation -simset sim_lab1
INFO: [Vivado 12-5682] Launching behavioral simulation in 'E:/lab1failed/lab1.sim/sim_lab1/behav/xsim'
INFO: [SIM-utils-51] Simulation object is 'sim_lab1'
INFO: [SIM-utils-54] Inspecting design source files for 'tb_ALU_logic' in fileset 'sim_lab1'...
INFO: [USF-XSim-97] Finding global include files...
INFO: [USF-XSim-100] Fetching design files from 'sources_1'...(this may take a while)...
INFO: [USF-XSim-101] Fetching design files from 'sim_lab1'...
INFO: [USF-XSim-2] XSim::Compile design
INFO: [USF-XSim-61] Executing 'COMPILE and ANALYZE' step in 'E:/lab1failed/lab1.sim/sim_lab1/behav/xsim'
"xvhdl --incr --relax -prj tb_ALU_logic_vhdl.prj"
INFO: [USF-XSim-69] 'compile' step finished in '3' seconds
INFO: [USF-XSim-3] XSim::Elaborate design
INFO: [USF-XSim-61] Executing 'ELABORATE' step in 'E:/lab1failed/lab1.sim/sim_lab1/behav/xsim'
Vivado Simulator 2018.2
Copyright 1986-1999, 2001-2018 Xilinx, Inc. All Rights Reserved.
Running: D:/vivado/2018.2/bin/unwrapped/win64.o/xelab.exe -wto 30d8e3490d8c43baaf679a3268b7c849 --incr --debug typical --relax --mt 2 -L xil_defaultlib -L secureip --snapshot tb_ALU_logic_behav xil_defaultlib.tb_ALU_logic -log elaborate.log 
Using 2 slave threads.
Starting static elaboration
Completed static elaboration
INFO: [XSIM 43-4323] No Change in HDL. Linking previously generated obj files to create kernel
INFO: [USF-XSim-69] 'elaborate' step finished in '3' seconds
INFO: [USF-XSim-4] XSim::Simulate design
INFO: [USF-XSim-61] Executing 'SIMULATE' step in 'E:/lab1failed/lab1.sim/sim_lab1/behav/xsim'
INFO: [USF-XSim-98] *** Running xsim
   with args "tb_ALU_logic_behav -key {Behavioral:sim_lab1:Functional:tb_ALU_logic} -tclbatch {tb_ALU_logic.tcl} -log {simulate.log}"
INFO: [USF-XSim-8] Loading simulator feature
Vivado Simulator 2018.2
Time resolution is 1 ps
source tb_ALU_logic.tcl
# set curr_wave [current_wave_config]
# if { [string length $curr_wave] == 0 } {
#   if { [llength [get_objects]] > 0} {
#     add_wave /
#     set_property needs_save false [current_wave_config]
#   } else {
#      send_msg_id Add_Wave-1 WARNING "No top level signals found. Simulator will start without a wave window. If you want to open a wave window go to 'File->New Waveform Configuration' or type 'create_wave_config' in the TCL console."
#   }
# }
# log_wave -r /
# run 327700ns
INFO: [USF-XSim-96] XSim completed. Design snapshot 'tb_ALU_logic_behav' loaded.
INFO: [USF-XSim-97] XSim simulation ran for 327700ns
launch_simulation: Time (s): cpu = 00:00:10 ; elapsed = 00:00:11 . Memory (MB): peak = 870.625 ; gain = 7.184
set_property top tb_ALU_2 [get_filesets sim_lab1]
set_property top_lib xil_defaultlib [get_filesets sim_lab1]
set_property top ALU [current_fileset]
launch_simulation -simset sim_lab1
INFO: [Vivado 12-5682] Launching behavioral simulation in 'E:/lab1failed/lab1.sim/sim_lab1/behav/xsim'
INFO: [SIM-utils-51] Simulation object is 'sim_lab1'
INFO: [SIM-utils-54] Inspecting design source files for 'tb_ALU_2' in fileset 'sim_lab1'...
INFO: [USF-XSim-97] Finding global include files...
INFO: [USF-XSim-100] Fetching design files from 'sources_1'...(this may take a while)...
INFO: [USF-XSim-101] Fetching design files from 'sim_lab1'...
INFO: [USF-XSim-2] XSim::Compile design
INFO: [USF-XSim-61] Executing 'COMPILE and ANALYZE' step in 'E:/lab1failed/lab1.sim/sim_lab1/behav/xsim'
"xvhdl --incr --relax -prj tb_ALU_2_vhdl.prj"
INFO: [USF-XSim-69] 'compile' step finished in '4' seconds
INFO: [USF-XSim-3] XSim::Elaborate design
INFO: [USF-XSim-61] Executing 'ELABORATE' step in 'E:/lab1failed/lab1.sim/sim_lab1/behav/xsim'
Vivado Simulator 2018.2
Copyright 1986-1999, 2001-2018 Xilinx, Inc. All Rights Reserved.
Running: D:/vivado/2018.2/bin/unwrapped/win64.o/xelab.exe -wto 30d8e3490d8c43baaf679a3268b7c849 --incr --debug typical --relax --mt 2 -L xil_defaultlib -L secureip --snapshot tb_ALU_2_behav xil_defaultlib.tb_ALU_2 -log elaborate.log 
Using 2 slave threads.
Starting static elaboration
Completed static elaboration
Starting simulation data flow analysis
Completed simulation data flow analysis
Time Resolution for simulation is 1ps
Compiling package std.standard
Compiling package std.textio
Compiling package ieee.std_logic_1164
Compiling package ieee.std_logic_arith
Compiling package ieee.std_logic_unsigned
Compiling architecture behavioral of entity xil_defaultlib.ALU [alu_default]
Compiling architecture tb of entity xil_defaultlib.tb_alu_2
Built simulation snapshot tb_ALU_2_behav
run_program: Time (s): cpu = 00:00:01 ; elapsed = 00:00:06 . Memory (MB): peak = 870.625 ; gain = 0.000
INFO: [USF-XSim-69] 'elaborate' step finished in '6' seconds
INFO: [USF-XSim-4] XSim::Simulate design
INFO: [USF-XSim-61] Executing 'SIMULATE' step in 'E:/lab1failed/lab1.sim/sim_lab1/behav/xsim'
INFO: [USF-XSim-98] *** Running xsim
   with args "tb_ALU_2_behav -key {Behavioral:sim_lab1:Functional:tb_ALU_2} -tclbatch {tb_ALU_2.tcl} -log {simulate.log}"
INFO: [USF-XSim-8] Loading simulator feature
Vivado Simulator 2018.2
Time resolution is 1 ps
source tb_ALU_2.tcl
# set curr_wave [current_wave_config]
# if { [string length $curr_wave] == 0 } {
#   if { [llength [get_objects]] > 0} {
#     add_wave /
#     set_property needs_save false [current_wave_config]
#   } else {
#      send_msg_id Add_Wave-1 WARNING "No top level signals found. Simulator will start without a wave window. If you want to open a wave window go to 'File->New Waveform Configuration' or type 'create_wave_config' in the TCL console."
#   }
# }
# log_wave -r /
WARNING: [Simtcl 6-197] One or more HDL objects could not be logged because of object type or size limitations.  To see details please rerun the command with -verbose (-v).
# run 327700ns
INFO: [USF-XSim-96] XSim completed. Design snapshot 'tb_ALU_2_behav' loaded.
INFO: [USF-XSim-97] XSim simulation ran for 327700ns
launch_simulation: Time (s): cpu = 00:00:07 ; elapsed = 00:00:13 . Memory (MB): peak = 870.625 ; gain = 0.000
current_sim simulation_1
current_sim simulation_2
current_sim simulation_1
current_sim simulation_2
current_sim simulation_1
current_sim simulation_2
current_sim simulation_1
current_sim simulation_2
current_sim simulation_1
current_sim simulation_2
current_sim simulation_1
current_sim simulation_2
current_sim simulation_1
current_sim simulation_2
current_sim simulation_1
current_sim simulation_2
close_sim
INFO: [Simtcl 6-16] Simulation closed
launch_simulation -simset sim_lab1
INFO: [Vivado 12-5682] Launching behavioral simulation in 'E:/lab1failed/lab1.sim/sim_lab1/behav/xsim'
INFO: [SIM-utils-51] Simulation object is 'sim_lab1'
INFO: [SIM-utils-54] Inspecting design source files for 'tb_ALU_2' in fileset 'sim_lab1'...
INFO: [USF-XSim-97] Finding global include files...
INFO: [USF-XSim-100] Fetching design files from 'sources_1'...(this may take a while)...
INFO: [USF-XSim-101] Fetching design files from 'sim_lab1'...
INFO: [USF-XSim-2] XSim::Compile design
INFO: [USF-XSim-61] Executing 'COMPILE and ANALYZE' step in 'E:/lab1failed/lab1.sim/sim_lab1/behav/xsim'
"xvhdl --incr --relax -prj tb_ALU_2_vhdl.prj"
INFO: [VRFC 10-163] Analyzing VHDL file "E:/lab1failed/lab1.srcs/sources_1/new/ALU.vhd" into library xil_defaultlib
INFO: [VRFC 10-307] analyzing entity ALU
INFO: [USF-XSim-69] 'compile' step finished in '4' seconds
INFO: [USF-XSim-3] XSim::Elaborate design
INFO: [USF-XSim-61] Executing 'ELABORATE' step in 'E:/lab1failed/lab1.sim/sim_lab1/behav/xsim'
Vivado Simulator 2018.2
Copyright 1986-1999, 2001-2018 Xilinx, Inc. All Rights Reserved.
Running: D:/vivado/2018.2/bin/unwrapped/win64.o/xelab.exe -wto 30d8e3490d8c43baaf679a3268b7c849 --incr --debug typical --relax --mt 2 -L xil_defaultlib -L secureip --snapshot tb_ALU_2_behav xil_defaultlib.tb_ALU_2 -log elaborate.log 
Using 2 slave threads.
Starting static elaboration
Completed static elaboration
Starting simulation data flow analysis
Completed simulation data flow analysis
Time Resolution for simulation is 1ps
Compiling package std.standard
Compiling package std.textio
Compiling package ieee.std_logic_1164
Compiling package ieee.std_logic_arith
Compiling package ieee.std_logic_unsigned
Compiling architecture behavioral of entity xil_defaultlib.ALU [alu_default]
Compiling architecture tb of entity xil_defaultlib.tb_alu_2
Built simulation snapshot tb_ALU_2_behav
run_program: Time (s): cpu = 00:00:00 ; elapsed = 00:00:06 . Memory (MB): peak = 884.367 ; gain = 0.000
INFO: [USF-XSim-69] 'elaborate' step finished in '7' seconds
INFO: [USF-XSim-4] XSim::Simulate design
INFO: [USF-XSim-61] Executing 'SIMULATE' step in 'E:/lab1failed/lab1.sim/sim_lab1/behav/xsim'
INFO: [USF-XSim-98] *** Running xsim
   with args "tb_ALU_2_behav -key {Behavioral:sim_lab1:Functional:tb_ALU_2} -tclbatch {tb_ALU_2.tcl} -log {simulate.log}"
INFO: [USF-XSim-8] Loading simulator feature
Vivado Simulator 2018.2
Time resolution is 1 ps
source tb_ALU_2.tcl
# set curr_wave [current_wave_config]
# if { [string length $curr_wave] == 0 } {
#   if { [llength [get_objects]] > 0} {
#     add_wave /
#     set_property needs_save false [current_wave_config]
#   } else {
#      send_msg_id Add_Wave-1 WARNING "No top level signals found. Simulator will start without a wave window. If you want to open a wave window go to 'File->New Waveform Configuration' or type 'create_wave_config' in the TCL console."
#   }
# }
# log_wave -r /
WARNING: [Simtcl 6-197] One or more HDL objects could not be logged because of object type or size limitations.  To see details please rerun the command with -verbose (-v).
# run 327700ns
INFO: [USF-XSim-96] XSim completed. Design snapshot 'tb_ALU_2_behav' loaded.
INFO: [USF-XSim-97] XSim simulation ran for 327700ns
launch_simulation: Time (s): cpu = 00:00:04 ; elapsed = 00:00:16 . Memory (MB): peak = 884.367 ; gain = 0.000
close_sim
INFO: [Simtcl 6-16] Simulation closed
close_sim
INFO: [Simtcl 6-16] Simulation closed
exit
INFO: [Common 17-206] Exiting Vivado at Mon Oct  5 16:11:25 2020...
